<?xml version="1.0" encoding="UTF-8"?>
<testsuite xmlns:xsi="http://www.w3.org/2001/XMLSchema-instance" xsi:noNamespaceSchemaLocation="https://maven.apache.org/surefire/maven-surefire-plugin/xsd/surefire-test-report-3.0.xsd" version="3.0" name="mine.ambulance_service.controller.AmbulanceControllerTest" time="2.405" tests="12" errors="0" skipped="0" failures="0">
  <properties>
[...]
</properties>
  <testcase name="updateAmbulanceLocation_WhenExists_ShouldReturnUpdatedAmbulance" classname="mine.ambulance_service.controller.AmbulanceControllerTest" time="0.423">
    <system-out><![CDATA[2024-12-24T22:10:47.957+01:00 DEBUG 50684 --- [           main] .b.t.a.w.s.WebMvcTestContextBootstrapper : Neither @ContextConfiguration nor @ContextHierarchy found for test class [AmbulanceControllerTest]: using SpringBootContextLoader
2024-12-24T22:10:47.958+01:00 DEBUG 50684 --- [           main] o.s.t.c.support.AbstractContextLoader    : Could not detect default resource locations for test class [mine.ambulance_service.controller.AmbulanceControllerTest]: no resource found for suffixes {-context.xml, Context.groovy}.
2024-12-24T22:10:47.958+01:00  INFO 50684 --- [           main] t.c.s.AnnotationConfigContextLoaderUtils : Could not detect default configuration classes for test class [mine.ambulance_service.controller.AmbulanceControllerTest]: AmbulanceControllerTest does not declare any static, non-private, non-final, nested classes annotated with @Configuration.
2024-12-24T22:10:47.974+01:00 DEBUG 50684 --- [           main] .b.t.a.w.s.WebMvcTestContextBootstrapper : Using ContextCustomizers for test class [AmbulanceControllerTest]: [ImportsContextCustomizer, ExcludeFilterContextCustomizer, DuplicateJsonObjectContextCustomizer, MockitoContextCustomizer, DisableAutoConfigurationContextCustomizer, DisableObservabilityContextCustomizer, TypeExcludeFiltersContextCustomizer, PropertyMappingContextCustomizer, WebDriverContextCustomizer]
2024-12-24T22:10:47.981+01:00 DEBUG 50684 --- [           main] ssPathScanningCandidateComponentProvider : Identified candidate component class: file [C:\Users\mouad\Desktop\git project tests\Ambulance-tracker\Ambulance_Service\target\classes\mine\ambulance_service\AmbulanceServiceApplication.class]
2024-12-24T22:10:47.982+01:00  INFO 50684 --- [           main] .b.t.c.SpringBootTestContextBootstrapper : Found @SpringBootConfiguration mine.ambulance_service.AmbulanceServiceApplication for test class mine.ambulance_service.controller.AmbulanceControllerTest
2024-12-24T22:10:47.983+01:00 DEBUG 50684 --- [           main] .s.t.c.u.TestContextSpringFactoriesUtils : Skipping candidate TestExecutionListener [org.springframework.test.context.observation.MicrometerObservationRegistryTestExecutionListener] due to a missing dependency. Specify custom TestExecutionListener classes or make the default TestExecutionListener classes and their required dependencies available. Offending class: io.micrometer.context.ThreadLocalAccessor. MicrometerObservationRegistryTestExecutionListener requires io.micrometer:micrometer-observation:1.10.8 or higher and io.micrometer:context-propagation:1.0.3 or higher.
2024-12-24T22:10:47.983+01:00 DEBUG 50684 --- [           main] .b.t.a.w.s.WebMvcTestContextBootstrapper : Using TestExecutionListeners for test class [AmbulanceControllerTest]: [ServletTestExecutionListener, DirtiesContextBeforeModesTestExecutionListener, ApplicationEventsTestExecutionListener, MockitoTestExecutionListener, DependencyInjectionTestExecutionListener, DirtiesContextTestExecutionListener, TransactionalTestExecutionListener, SqlScriptsTestExecutionListener, EventPublishingTestExecutionListener, ResetMocksTestExecutionListener, RestDocsTestExecutionListener, MockRestServiceServerResetTestExecutionListener, MockMvcPrintOnlyOnFailureTestExecutionListener, WebDriverTestExecutionListener, MockWebServiceServerTestExecutionListener]
2024-12-24T22:10:47.983+01:00 DEBUG 50684 --- [           main] sContextBeforeModesTestExecutionListener : Before test class: class [AmbulanceControllerTest], class annotated with @DirtiesContext [false] with mode [null]

  .   ____          _            __ _ _
 /\\ / ___'_ __ _ _(_)_ __  __ _ \ \ \ \
( ( )\___ | '_ | '_| | '_ \/ _` | \ \ \ \
 \\/  ___)| |_)| | | | | || (_| |  ) ) ) )
  '  |____| .__|_| |_|_| |_\__, | / / / /
 =========|_|==============|___/=/_/_/_/
 :: Spring Boot ::                (v3.1.4)

2024-12-24T22:10:49.029+01:00  INFO 50684 --- [           main] m.a.controller.AmbulanceControllerTest   : Starting AmbulanceControllerTest using Java 21.0.1 with PID 50684 (started by mouad in C:\Users\mouad\Desktop\git project tests\Ambulance-tracker\Ambulance_Service)
2024-12-24T22:10:49.029+01:00  INFO 50684 --- [           main] m.a.controller.AmbulanceControllerTest   : No active profile set, falling back to 1 default profile: "default"
2024-12-24T22:10:49.029+01:00 DEBUG 50684 --- [           main] o.s.boot.SpringApplication               : Loading source class mine.ambulance_service.AmbulanceServiceApplication
2024-12-24T22:10:49.032+01:00 DEBUG 50684 --- [           main] o.s.w.c.s.GenericWebApplicationContext   : Refreshing org.springframework.web.context.support.GenericWebApplicationContext@13331927
2024-12-24T22:10:49.033+01:00 DEBUG 50684 --- [           main] o.s.b.f.s.DefaultListableBeanFactory     : Creating shared instance of singleton bean 'org.springframework.context.annotation.internalConfigurationAnnotationProcessor'
2024-12-24T22:10:49.033+01:00 DEBUG 50684 --- [           main] o.s.b.f.s.DefaultListableBeanFactory     : Creating shared instance of singleton bean 'org.springframework.boot.autoconfigure.internalCachingMetadataReaderFactory'
2024-12-24T22:10:49.048+01:00 DEBUG 50684 --- [           main] o.s.c.a.ClassPathBeanDefinitionScanner   : Identified candidate component class: file [C:\Users\mouad\Desktop\git project tests\Ambulance-tracker\Ambulance_Service\target\classes\mine\ambulance_service\controller\AmbulanceController.class]
2024-12-24T22:10:49.122+01:00 DEBUG 50684 --- [           main] o.s.b.f.s.DefaultListableBeanFactory     : Creating shared instance of singleton bean 'org.springframework.boot.test.context.ImportsContextCustomizer$ImportsCleanupPostProcessor'
2024-12-24T22:10:49.124+01:00 DEBUG 50684 --- [           main] o.s.b.f.s.DefaultListableBeanFactory     : Creating shared instance of singleton bean 'org.springframework.boot.test.mock.mockito.MockitoPostProcessor'
2024-12-24T22:10:49.272+01:00 DEBUG 50684 --- [           main] o.s.b.f.s.DefaultListableBeanFactory     : Creating shared instance of singleton bean 'org.springframework.context.event.internalEventListenerProcessor'
2024-12-24T22:10:49.273+01:00 DEBUG 50684 --- [           main] o.s.b.f.s.DefaultListableBeanFactory     : Creating shared instance of singleton bean 'preserveErrorControllerTargetClassPostProcessor'
2024-12-24T22:10:49.275+01:00 DEBUG 50684 --- [           main] o.s.b.f.s.DefaultListableBeanFactory     : Creating shared instance of singleton bean 'org.springframework.context.event.internalEventListenerFactory'
2024-12-24T22:10:49.281+01:00 DEBUG 50684 --- [           main] o.s.b.f.s.DefaultListableBeanFactory     : Creating shared instance of singleton bean 'org.springframework.context.annotation.internalAutowiredAnnotationProcessor'
2024-12-24T22:10:49.286+01:00 DEBUG 50684 --- [           main] o.s.b.f.s.DefaultListableBeanFactory     : Creating shared instance of singleton bean 'org.springframework.context.annotation.internalCommonAnnotationProcessor'
2024-12-24T22:10:49.288+01:00 DEBUG 50684 --- [           main] o.s.b.f.s.DefaultListableBeanFactory     : Creating shared instance of singleton bean 'org.springframework.context.annotation.internalPersistenceAnnotationProcessor'
2024-12-24T22:10:49.289+01:00 DEBUG 50684 --- [           main] o.s.b.f.s.DefaultListableBeanFactory     : Creating shared instance of singleton bean 'org.springframework.boot.test.mock.mockito.MockitoPostProcessor$SpyPostProcessor'
2024-12-24T22:10:49.290+01:00 DEBUG 50684 --- [           main] o.s.b.f.s.DefaultListableBeanFactory     : Creating shared instance of singleton bean 'org.springframework.boot.context.properties.ConfigurationPropertiesBindingPostProcessor'
2024-12-24T22:10:49.290+01:00 DEBUG 50684 --- [           main] o.s.b.f.s.DefaultListableBeanFactory     : Creating shared instance of singleton bean 'org.springframework.boot.context.internalConfigurationPropertiesBinder'
2024-12-24T22:10:49.294+01:00 DEBUG 50684 --- [           main] o.s.b.f.s.DefaultListableBeanFactory     : Creating shared instance of singleton bean 'projectingArgumentResolverBeanPostProcessor'
2024-12-24T22:10:49.295+01:00 DEBUG 50684 --- [           main] o.s.u.c.s.UiApplicationContextUtils      : Unable to locate ThemeSource with name 'themeSource': using default [org.springframework.ui.context.support.ResourceBundleThemeSource@6c90ff73]
2024-12-24T22:10:49.298+01:00 DEBUG 50684 --- [           main] o.s.b.f.s.DefaultListableBeanFactory     : Creating shared instance of singleton bean 'ambulanceServiceApplication'
2024-12-24T22:10:49.306+01:00 DEBUG 50684 --- [           main] o.s.b.f.s.DefaultListableBeanFactory     : Creating shared instance of singleton bean 'ambulanceController'
2024-12-24T22:10:49.326+01:00 DEBUG 50684 --- [           main] o.s.b.f.s.DefaultListableBeanFactory     : Autowiring by type from bean name 'ambulanceController' via constructor to bean named 'mine.ambulance_service.service.AmbulanceService#0'
2024-12-24T22:10:49.329+01:00 DEBUG 50684 --- [           main] o.s.b.f.s.DefaultListableBeanFactory     : Creating shared instance of singleton bean 'org.springframework.boot.autoconfigure.AutoConfigurationPackages'
2024-12-24T22:10:49.330+01:00 DEBUG 50684 --- [           main] o.s.b.f.s.DefaultListableBeanFactory     : Creating shared instance of singleton bean 'org.springframework.cloud.client.serviceregistry.AutoServiceRegistrationConfiguration'
2024-12-24T22:10:49.332+01:00 DEBUG 50684 --- [           main] o.s.b.f.s.DefaultListableBeanFactory     : Creating shared instance of singleton bean 'org.springframework.boot.context.properties.BoundConfigurationProperties'
2024-12-24T22:10:49.333+01:00 DEBUG 50684 --- [           main] o.s.b.f.s.DefaultListableBeanFactory     : Creating shared instance of singleton bean 'org.springframework.boot.context.properties.EnableConfigurationPropertiesRegistrar.methodValidationExcludeFilter'
2024-12-24T22:10:49.338+01:00 DEBUG 50684 --- [           main] o.s.b.f.s.DefaultListableBeanFactory     : Creating shared instance of singleton bean 'spring.cloud.service-registry.auto-registration-org.springframework.cloud.client.serviceregistry.AutoServiceRegistrationProperties'
2024-12-24T22:10:49.359+01:00 DEBUG 50684 --- [           main] o.s.b.f.s.DefaultListableBeanFactory     : Creating shared instance of singleton bean 'org.springframework.boot.autoconfigure.task.TaskExecutionAutoConfiguration'
2024-12-24T22:10:49.362+01:00 DEBUG 50684 --- [           main] o.s.b.f.s.DefaultListableBeanFactory     : Creating shared instance of singleton bean 'taskExecutorBuilder'
2024-12-24T22:10:49.364+01:00 DEBUG 50684 --- [           main] o.s.b.f.s.DefaultListableBeanFactory     : Creating shared instance of singleton bean 'spring.task.execution-org.springframework.boot.autoconfigure.task.TaskExecutionProperties'
2024-12-24T22:10:49.370+01:00 DEBUG 50684 --- [           main] o.s.b.f.s.DefaultListableBeanFactory     : Autowiring by type from bean name 'taskExecutorBuilder' via factory method to bean named 'spring.task.execution-org.springframework.boot.autoconfigure.task.TaskExecutionProperties'
2024-12-24T22:10:49.373+01:00 DEBUG 50684 --- [           main] o.s.b.f.s.DefaultListableBeanFactory     : Creating shared instance of singleton bean 'org.springframework.boot.autoconfigure.web.servlet.error.ErrorMvcAutoConfiguration$WhitelabelErrorViewConfiguration'
2024-12-24T22:10:49.374+01:00 DEBUG 50684 --- [           main] o.s.b.f.s.DefaultListableBeanFactory     : Creating shared instance of singleton bean 'error'
2024-12-24T22:10:49.375+01:00 DEBUG 50684 --- [           main] o.s.b.f.s.DefaultListableBeanFactory     : Creating shared instance of singleton bean 'beanNameViewResolver'
2024-12-24T22:10:49.377+01:00 DEBUG 50684 --- [           main] o.s.b.f.s.DefaultListableBeanFactory     : Creating shared instance of singleton bean 'org.springframework.boot.autoconfigure.web.servlet.error.ErrorMvcAutoConfiguration$DefaultErrorViewResolverConfiguration'
2024-12-24T22:10:49.380+01:00 DEBUG 50684 --- [           main] o.s.b.f.s.DefaultListableBeanFactory     : Creating shared instance of singleton bean 'spring.web-org.springframework.boot.autoconfigure.web.WebProperties'
2024-12-24T22:10:49.386+01:00 DEBUG 50684 --- [           main] o.s.b.f.s.DefaultListableBeanFactory     : Autowiring by type from bean name 'org.springframework.boot.autoconfigure.web.servlet.error.ErrorMvcAutoConfiguration$DefaultErrorViewResolverConfiguration' via constructor to bean named 'org.springframework.web.context.support.GenericWebApplicationContext@13331927'
2024-12-24T22:10:49.386+01:00 DEBUG 50684 --- [           main] o.s.b.f.s.DefaultListableBeanFactory     : Autowiring by type from bean name 'org.springframework.boot.autoconfigure.web.servlet.error.ErrorMvcAutoConfiguration$DefaultErrorViewResolverConfiguration' via constructor to bean named 'spring.web-org.springframework.boot.autoconfigure.web.WebProperties'
2024-12-24T22:10:49.387+01:00 DEBUG 50684 --- [           main] o.s.b.f.s.DefaultListableBeanFactory     : Creating shared instance of singleton bean 'spring.mvc-org.springframework.boot.autoconfigure.web.servlet.WebMvcProperties'
2024-12-24T22:10:49.400+01:00 DEBUG 50684 --- [           main] o.s.b.f.s.DefaultListableBeanFactory     : Creating shared instance of singleton bean 'org.springframework.boot.autoconfigure.web.servlet.error.ErrorMvcAutoConfiguration'
2024-12-24T22:10:49.401+01:00 DEBUG 50684 --- [           main] o.s.b.f.s.DefaultListableBeanFactory     : Creating shared instance of singleton bean 'server-org.springframework.boot.autoconfigure.web.ServerProperties'
2024-12-24T22:10:49.413+01:00 DEBUG 50684 --- [           main] o.s.b.f.s.DefaultListableBeanFactory     : Autowiring by type from bean name 'org.springframework.boot.autoconfigure.web.servlet.error.ErrorMvcAutoConfiguration' via constructor to bean named 'server-org.springframework.boot.autoconfigure.web.ServerProperties'
2024-12-24T22:10:49.414+01:00 DEBUG 50684 --- [           main] o.s.b.f.s.DefaultListableBeanFactory     : Creating shared instance of singleton bean 'errorAttributes'
2024-12-24T22:10:49.415+01:00 DEBUG 50684 --- [           main] o.s.b.f.s.DefaultListableBeanFactory     : Creating shared instance of singleton bean 'basicErrorController'
2024-12-24T22:10:49.418+01:00 DEBUG 50684 --- [           main] o.s.b.f.s.DefaultListableBeanFactory     : Autowiring by type from bean name 'basicErrorController' via factory method to bean named 'errorAttributes'
2024-12-24T22:10:49.421+01:00 DEBUG 50684 --- [           main] o.s.b.f.s.DefaultListableBeanFactory     : Creating shared instance of singleton bean 'errorPageCustomizer'
2024-12-24T22:10:49.422+01:00 DEBUG 50684 --- [           main] o.s.b.f.s.DefaultListableBeanFactory     : Creating shared instance of singleton bean 'dispatcherServletPath'
2024-12-24T22:10:49.422+01:00 DEBUG 50684 --- [           main] o.s.b.f.s.DefaultListableBeanFactory     : Creating shared instance of singleton bean 'org.springframework.boot.test.autoconfigure.web.servlet.MockMvcAutoConfiguration'
2024-12-24T22:10:49.423+01:00 DEBUG 50684 --- [           main] o.s.b.f.s.DefaultListableBeanFactory     : Autowiring by type from bean name 'org.springframework.boot.test.autoconfigure.web.servlet.MockMvcAutoConfiguration' via constructor to bean named 'org.springframework.web.context.support.GenericWebApplicationContext@13331927'
2024-12-24T22:10:49.423+01:00 DEBUG 50684 --- [           main] o.s.b.f.s.DefaultListableBeanFactory     : Autowiring by type from bean name 'org.springframework.boot.test.autoconfigure.web.servlet.MockMvcAutoConfiguration' via constructor to bean named 'spring.mvc-org.springframework.boot.autoconfigure.web.servlet.WebMvcProperties'
2024-12-24T22:10:49.425+01:00 DEBUG 50684 --- [           main] o.s.b.f.s.DefaultListableBeanFactory     : Autowiring by type from bean name 'errorPageCustomizer' via factory method to bean named 'dispatcherServletPath'
2024-12-24T22:10:49.426+01:00 DEBUG 50684 --- [           main] o.s.b.f.s.DefaultListableBeanFactory     : Creating shared instance of singleton bean 'org.springframework.boot.autoconfigure.web.servlet.WebMvcAutoConfiguration$EnableWebMvcConfiguration'
2024-12-24T22:10:49.427+01:00 DEBUG 50684 --- [           main] o.s.b.f.s.DefaultListableBeanFactory     : Autowiring by type from bean name 'org.springframework.boot.autoconfigure.web.servlet.WebMvcAutoConfiguration$EnableWebMvcConfiguration' via constructor to bean named 'spring.mvc-org.springframework.boot.autoconfigure.web.servlet.WebMvcProperties'
2024-12-24T22:10:49.427+01:00 DEBUG 50684 --- [           main] o.s.b.f.s.DefaultListableBeanFactory     : Autowiring by type from bean name 'org.springframework.boot.autoconfigure.web.servlet.WebMvcAutoConfiguration$EnableWebMvcConfiguration' via constructor to bean named 'spring.web-org.springframework.boot.autoconfigure.web.WebProperties'
2024-12-24T22:10:49.427+01:00 DEBUG 50684 --- [           main] o.s.b.f.s.DefaultListableBeanFactory     : Autowiring by type from bean name 'org.springframework.boot.autoconfigure.web.servlet.WebMvcAutoConfiguration$EnableWebMvcConfiguration' via constructor to bean named 'org.springframework.beans.factory.support.DefaultListableBeanFactory@44cbc1fe'
2024-12-24T22:10:49.432+01:00 DEBUG 50684 --- [           main] o.s.b.f.s.DefaultListableBeanFactory     : Creating shared instance of singleton bean 'org.springframework.boot.autoconfigure.web.servlet.WebMvcAutoConfiguration$WebMvcAutoConfigurationAdapter'
2024-12-24T22:10:49.434+01:00 DEBUG 50684 --- [           main] o.s.b.f.s.DefaultListableBeanFactory     : Autowiring by type from bean name 'org.springframework.boot.autoconfigure.web.servlet.WebMvcAutoConfiguration$WebMvcAutoConfigurationAdapter' via constructor to bean named 'spring.web-org.springframework.boot.autoconfigure.web.WebProperties'
2024-12-24T22:10:49.435+01:00 DEBUG 50684 --- [           main] o.s.b.f.s.DefaultListableBeanFactory     : Autowiring by type from bean name 'org.springframework.boot.autoconfigure.web.servlet.WebMvcAutoConfiguration$WebMvcAutoConfigurationAdapter' via constructor to bean named 'spring.mvc-org.springframework.boot.autoconfigure.web.servlet.WebMvcProperties'
2024-12-24T22:10:49.435+01:00 DEBUG 50684 --- [           main] o.s.b.f.s.DefaultListableBeanFactory     : Autowiring by type from bean name 'org.springframework.boot.autoconfigure.web.servlet.WebMvcAutoConfiguration$WebMvcAutoConfigurationAdapter' via constructor to bean named 'org.springframework.beans.factory.support.DefaultListableBeanFactory@44cbc1fe'
2024-12-24T22:10:49.437+01:00 DEBUG 50684 --- [           main] o.s.b.f.s.DefaultListableBeanFactory     : Creating shared instance of singleton bean 'org.springframework.data.web.config.SpringDataWebConfiguration'
2024-12-24T22:10:49.438+01:00 DEBUG 50684 --- [           main] o.s.b.f.s.DefaultListableBeanFactory     : Autowiring by type from bean name 'org.springframework.data.web.config.SpringDataWebConfiguration' via constructor to bean named 'org.springframework.web.context.support.GenericWebApplicationContext@13331927'
2024-12-24T22:10:49.440+01:00 DEBUG 50684 --- [           main] o.s.b.f.s.DefaultListableBeanFactory     : Creating shared instance of singleton bean 'requestMappingHandlerAdapter'
2024-12-24T22:10:49.441+01:00 DEBUG 50684 --- [           main] o.s.b.f.s.DefaultListableBeanFactory     : Creating shared instance of singleton bean 'mvcContentNegotiationManager'
2024-12-24T22:10:49.443+01:00 DEBUG 50684 --- [           main] o.s.b.f.s.DefaultListableBeanFactory     : Creating shared instance of singleton bean 'mvcConversionService'
2024-12-24T22:10:49.451+01:00 DEBUG 50684 --- [           main] o.s.b.f.s.DefaultListableBeanFactory     : Creating shared instance of singleton bean 'mvcValidator'
2024-12-24T22:10:49.455+01:00 DEBUG 50684 --- [           main] o.s.b.f.s.DefaultListableBeanFactory     : Autowiring by type from bean name 'requestMappingHandlerAdapter' via factory method to bean named 'mvcContentNegotiationManager'
2024-12-24T22:10:49.455+01:00 DEBUG 50684 --- [           main] o.s.b.f.s.DefaultListableBeanFactory     : Autowiring by type from bean name 'requestMappingHandlerAdapter' via factory method to bean named 'mvcConversionService'
2024-12-24T22:10:49.455+01:00 DEBUG 50684 --- [           main] o.s.b.f.s.DefaultListableBeanFactory     : Autowiring by type from bean name 'requestMappingHandlerAdapter' via factory method to bean named 'mvcValidator'
2024-12-24T22:10:49.456+01:00 DEBUG 50684 --- [           main] o.s.b.f.s.DefaultListableBeanFactory     : Creating shared instance of singleton bean 'messageConverters'
2024-12-24T22:10:49.457+01:00 DEBUG 50684 --- [           main] o.s.b.f.s.DefaultListableBeanFactory     : Creating shared instance of singleton bean 'org.springframework.boot.autoconfigure.http.HttpMessageConvertersAutoConfiguration'
2024-12-24T22:10:49.459+01:00 DEBUG 50684 --- [           main] o.s.b.f.s.DefaultListableBeanFactory     : Creating shared instance of singleton bean 'stringHttpMessageConverter'
2024-12-24T22:10:49.459+01:00 DEBUG 50684 --- [           main] o.s.b.f.s.DefaultListableBeanFactory     : Creating shared instance of singleton bean 'org.springframework.boot.autoconfigure.http.HttpMessageConvertersAutoConfiguration$StringHttpMessageConverterConfiguration'
2024-12-24T22:10:49.460+01:00 DEBUG 50684 --- [           main] o.s.b.f.s.DefaultListableBeanFactory     : Autowiring by type from bean name 'stringHttpMessageConverter' via factory method to bean named 'environment'
2024-12-24T22:10:49.465+01:00 DEBUG 50684 --- [           main] o.s.b.f.s.DefaultListableBeanFactory     : Creating shared instance of singleton bean 'mappingJackson2HttpMessageConverter'
2024-12-24T22:10:49.466+01:00 DEBUG 50684 --- [           main] o.s.b.f.s.DefaultListableBeanFactory     : Creating shared instance of singleton bean 'org.springframework.boot.autoconfigure.http.JacksonHttpMessageConvertersConfiguration$MappingJackson2HttpMessageConverterConfiguration'
2024-12-24T22:10:49.468+01:00 DEBUG 50684 --- [           main] o.s.b.f.s.DefaultListableBeanFactory     : Creating shared instance of singleton bean 'jacksonObjectMapper'
2024-12-24T22:10:49.468+01:00 DEBUG 50684 --- [           main] o.s.b.f.s.DefaultListableBeanFactory     : Creating shared instance of singleton bean 'org.springframework.boot.autoconfigure.jackson.JacksonAutoConfiguration$JacksonObjectMapperConfiguration'
2024-12-24T22:10:49.470+01:00 DEBUG 50684 --- [           main] o.s.b.f.s.DefaultListableBeanFactory     : Creating shared instance of singleton bean 'org.springframework.boot.autoconfigure.jackson.JacksonAutoConfiguration$JacksonObjectMapperBuilderConfiguration'
2024-12-24T22:10:49.472+01:00 DEBUG 50684 --- [           main] o.s.b.f.s.DefaultListableBeanFactory     : Creating shared instance of singleton bean 'standardJacksonObjectMapperBuilderCustomizer'
2024-12-24T22:10:49.472+01:00 DEBUG 50684 --- [           main] o.s.b.f.s.DefaultListableBeanFactory     : Creating shared instance of singleton bean 'org.springframework.boot.autoconfigure.jackson.JacksonAutoConfiguration$Jackson2ObjectMapperBuilderCustomizerConfiguration'
2024-12-24T22:10:49.474+01:00 DEBUG 50684 --- [           main] o.s.b.f.s.DefaultListableBeanFactory     : Creating shared instance of singleton bean 'spring.jackson-org.springframework.boot.autoconfigure.jackson.JacksonProperties'
2024-12-24T22:10:49.493+01:00 DEBUG 50684 --- [           main] o.s.b.f.s.DefaultListableBeanFactory     : Autowiring by type from bean name 'standardJacksonObjectMapperBuilderCustomizer' via factory method to bean named 'spring.jackson-org.springframework.boot.autoconfigure.jackson.JacksonProperties'
2024-12-24T22:10:49.494+01:00 DEBUG 50684 --- [           main] o.s.b.f.s.DefaultListableBeanFactory     : Creating shared instance of singleton bean 'parameterNamesModule'
2024-12-24T22:10:49.494+01:00 DEBUG 50684 --- [           main] o.s.b.f.s.DefaultListableBeanFactory     : Creating shared instance of singleton bean 'org.springframework.boot.autoconfigure.jackson.JacksonAutoConfiguration$ParameterNamesModuleConfiguration'
2024-12-24T22:10:49.496+01:00 DEBUG 50684 --- [           main] o.s.b.f.s.DefaultListableBeanFactory     : Creating shared instance of singleton bean 'jsonMixinModule'
2024-12-24T22:10:49.497+01:00 DEBUG 50684 --- [           main] o.s.b.f.s.DefaultListableBeanFactory     : Creating shared instance of singleton bean 'org.springframework.boot.autoconfigure.jackson.JacksonAutoConfiguration$JacksonMixinConfiguration'
2024-12-24T22:10:49.498+01:00 DEBUG 50684 --- [           main] o.s.b.f.s.DefaultListableBeanFactory     : Creating shared instance of singleton bean 'jsonMixinModuleEntries'
2024-12-24T22:10:49.498+01:00 DEBUG 50684 --- [           main] o.s.b.f.s.DefaultListableBeanFactory     : Autowiring by type from bean name 'jsonMixinModuleEntries' via factory method to bean named 'org.springframework.web.context.support.GenericWebApplicationContext@13331927'
2024-12-24T22:10:49.498+01:00 DEBUG 50684 --- [           main] o.s.b.a.AutoConfigurationPackages        : @EnableAutoConfiguration was declared on a class in the package 'mine.ambulance_service'. Automatic @Repository and @Entity scanning is enabled.
2024-12-24T22:10:49.506+01:00 DEBUG 50684 --- [           main] o.s.b.f.s.DefaultListableBeanFactory     : Autowiring by type from bean name 'jsonMixinModule' via factory method to bean named 'org.springframework.web.context.support.GenericWebApplicationContext@13331927'
2024-12-24T22:10:49.506+01:00 DEBUG 50684 --- [           main] o.s.b.f.s.DefaultListableBeanFactory     : Autowiring by type from bean name 'jsonMixinModule' via factory method to bean named 'jsonMixinModuleEntries'
2024-12-24T22:10:49.507+01:00 DEBUG 50684 --- [           main] o.s.b.f.s.DefaultListableBeanFactory     : Creating shared instance of singleton bean 'jsonComponentModule'
2024-12-24T22:10:49.508+01:00 DEBUG 50684 --- [           main] o.s.b.f.s.DefaultListableBeanFactory     : Creating shared instance of singleton bean 'org.springframework.boot.autoconfigure.jackson.JacksonAutoConfiguration'
2024-12-24T22:10:49.513+01:00 DEBUG 50684 --- [           main] o.s.b.f.s.DefaultListableBeanFactory     : Creating shared instance of singleton bean 'jacksonGeoModule'
2024-12-24T22:10:49.515+01:00 DEBUG 50684 --- [           main] o.s.b.f.s.DefaultListableBeanFactory     : Creating shared instance of singleton bean 'org.springframework.data.web.config.SpringDataJacksonConfiguration'
2024-12-24T22:10:49.517+01:00 DEBUG 50684 --- [           main] o.s.b.f.s.DefaultListableBeanFactory     : Autowiring by type from bean name 'jacksonObjectMapperBuilder' via factory method to bean named 'org.springframework.web.context.support.GenericWebApplicationContext@13331927'
2024-12-24T22:10:49.518+01:00 DEBUG 50684 --- [           main] o.s.b.f.s.DefaultListableBeanFactory     : Autowiring by type from bean name 'jacksonObjectMapperBuilder' via factory method to bean named 'standardJacksonObjectMapperBuilderCustomizer'
2024-12-24T22:10:49.520+01:00 DEBUG 50684 --- [           main] o.s.b.f.s.DefaultListableBeanFactory     : Autowiring by type from bean name 'jacksonObjectMapper' via factory method to bean named 'jacksonObjectMapperBuilder'
2024-12-24T22:10:49.524+01:00 DEBUG 50684 --- [           main] o.s.b.f.s.DefaultListableBeanFactory     : Autowiring by type from bean name 'mappingJackson2HttpMessageConverter' via factory method to bean named 'jacksonObjectMapper'
2024-12-24T22:10:49.532+01:00 DEBUG 50684 --- [           main] o.s.b.f.s.DefaultListableBeanFactory     : Creating shared instance of singleton bean 'sortResolver'
2024-12-24T22:10:49.534+01:00 DEBUG 50684 --- [           main] o.s.b.f.s.DefaultListableBeanFactory     : Creating shared instance of singleton bean 'sortCustomizer'
2024-12-24T22:10:49.534+01:00 DEBUG 50684 --- [           main] o.s.b.f.s.DefaultListableBeanFactory     : Creating shared instance of singleton bean 'org.springframework.boot.autoconfigure.data.web.SpringDataWebAutoConfiguration'
2024-12-24T22:10:49.535+01:00 DEBUG 50684 --- [           main] o.s.b.f.s.DefaultListableBeanFactory     : Creating shared instance of singleton bean 'spring.data.web-org.springframework.boot.autoconfigure.data.web.SpringDataWebProperties'
2024-12-24T22:10:49.538+01:00 DEBUG 50684 --- [           main] o.s.b.f.s.DefaultListableBeanFactory     : Autowiring by type from bean name 'org.springframework.boot.autoconfigure.data.web.SpringDataWebAutoConfiguration' via constructor to bean named 'spring.data.web-org.springframework.boot.autoconfigure.data.web.SpringDataWebProperties'
2024-12-24T22:10:49.540+01:00 DEBUG 50684 --- [           main] o.s.b.f.s.DefaultListableBeanFactory     : Creating shared instance of singleton bean 'pageableResolver'
2024-12-24T22:10:49.540+01:00 DEBUG 50684 --- [           main] o.s.b.f.s.DefaultListableBeanFactory     : Creating shared instance of singleton bean 'pageableCustomizer'
2024-12-24T22:10:49.543+01:00 DEBUG 50684 --- [           main] o.s.b.f.s.DefaultListableBeanFactory     : Creating shared instance of singleton bean 'applicationTaskExecutor'
2024-12-24T22:10:49.544+01:00 DEBUG 50684 --- [           main] o.s.b.f.s.DefaultListableBeanFactory     : Autowiring by type from bean name 'applicationTaskExecutor' via factory method to bean named 'taskExecutorBuilder'
2024-12-24T22:10:49.545+01:00 DEBUG 50684 --- [           main] o.s.s.concurrent.ThreadPoolTaskExecutor  : Initializing ExecutorService 'applicationTaskExecutor'
2024-12-24T22:10:49.551+01:00 DEBUG 50684 --- [           main] s.w.s.m.m.a.RequestMappingHandlerAdapter : ControllerAdvice beans: 0 @ModelAttribute, 0 @InitBinder, 1 RequestBodyAdvice, 1 ResponseBodyAdvice
2024-12-24T22:10:49.552+01:00 DEBUG 50684 --- [           main] o.s.b.f.s.DefaultListableBeanFactory     : Creating shared instance of singleton bean 'welcomePageHandlerMapping'
2024-12-24T22:10:49.553+01:00 DEBUG 50684 --- [           main] o.s.b.f.s.DefaultListableBeanFactory     : Creating shared instance of singleton bean 'mvcResourceUrlProvider'
2024-12-24T22:10:49.554+01:00 DEBUG 50684 --- [           main] o.s.b.f.s.DefaultListableBeanFactory     : Autowiring by type from bean name 'welcomePageHandlerMapping' via factory method to bean named 'org.springframework.web.context.support.GenericWebApplicationContext@13331927'
2024-12-24T22:10:49.554+01:00 DEBUG 50684 --- [           main] o.s.b.f.s.DefaultListableBeanFactory     : Autowiring by type from bean name 'welcomePageHandlerMapping' via factory method to bean named 'mvcConversionService'
2024-12-24T22:10:49.554+01:00 DEBUG 50684 --- [           main] o.s.b.f.s.DefaultListableBeanFactory     : Autowiring by type from bean name 'welcomePageHandlerMapping' via factory method to bean named 'mvcResourceUrlProvider'
2024-12-24T22:10:49.563+01:00 DEBUG 50684 --- [           main] o.s.b.f.s.DefaultListableBeanFactory     : Creating shared instance of singleton bean 'welcomePageNotAcceptableHandlerMapping'
2024-12-24T22:10:49.564+01:00 DEBUG 50684 --- [           main] o.s.b.f.s.DefaultListableBeanFactory     : Autowiring by type from bean name 'welcomePageNotAcceptableHandlerMapping' via factory method to bean named 'org.springframework.web.context.support.GenericWebApplicationContext@13331927'
2024-12-24T22:10:49.564+01:00 DEBUG 50684 --- [           main] o.s.b.f.s.DefaultListableBeanFactory     : Autowiring by type from bean name 'welcomePageNotAcceptableHandlerMapping' via factory method to bean named 'mvcConversionService'
2024-12-24T22:10:49.564+01:00 DEBUG 50684 --- [           main] o.s.b.f.s.DefaultListableBeanFactory     : Autowiring by type from bean name 'welcomePageNotAcceptableHandlerMapping' via factory method to bean named 'mvcResourceUrlProvider'
2024-12-24T22:10:49.571+01:00 DEBUG 50684 --- [           main] o.s.b.f.s.DefaultListableBeanFactory     : Creating shared instance of singleton bean 'localeResolver'
2024-12-24T22:10:49.572+01:00 DEBUG 50684 --- [           main] o.s.b.f.s.DefaultListableBeanFactory     : Creating shared instance of singleton bean 'themeResolver'
2024-12-24T22:10:49.574+01:00 DEBUG 50684 --- [           main] o.s.b.f.s.DefaultListableBeanFactory     : Creating shared instance of singleton bean 'flashMapManager'
2024-12-24T22:10:49.575+01:00 DEBUG 50684 --- [           main] o.s.b.f.s.DefaultListableBeanFactory     : Creating shared instance of singleton bean 'requestMappingHandlerMapping'
2024-12-24T22:10:49.575+01:00 DEBUG 50684 --- [           main] o.s.b.f.s.DefaultListableBeanFactory     : Autowiring by type from bean name 'requestMappingHandlerMapping' via factory method to bean named 'mvcContentNegotiationManager'
2024-12-24T22:10:49.577+01:00 DEBUG 50684 --- [           main] o.s.b.f.s.DefaultListableBeanFactory     : Autowiring by type from bean name 'requestMappingHandlerMapping' via factory method to bean named 'mvcConversionService'
2024-12-24T22:10:49.577+01:00 DEBUG 50684 --- [           main] o.s.b.f.s.DefaultListableBeanFactory     : Autowiring by type from bean name 'requestMappingHandlerMapping' via factory method to bean named 'mvcResourceUrlProvider'
2024-12-24T22:10:49.591+01:00 DEBUG 50684 --- [           main] s.w.s.m.m.a.RequestMappingHandlerMapping : 9 mappings in 'requestMappingHandlerMapping'
2024-12-24T22:10:49.592+01:00 DEBUG 50684 --- [           main] o.s.b.f.s.DefaultListableBeanFactory     : Creating shared instance of singleton bean 'mvcPatternParser'
2024-12-24T22:10:49.592+01:00 DEBUG 50684 --- [           main] o.s.b.f.s.DefaultListableBeanFactory     : Creating shared instance of singleton bean 'mvcUrlPathHelper'
2024-12-24T22:10:49.593+01:00 DEBUG 50684 --- [           main] o.s.b.f.s.DefaultListableBeanFactory     : Creating shared instance of singleton bean 'mvcPathMatcher'
2024-12-24T22:10:49.594+01:00 DEBUG 50684 --- [           main] o.s.b.f.s.DefaultListableBeanFactory     : Creating shared instance of singleton bean 'viewControllerHandlerMapping'
2024-12-24T22:10:49.595+01:00 DEBUG 50684 --- [           main] o.s.b.f.s.DefaultListableBeanFactory     : Autowiring by type from bean name 'viewControllerHandlerMapping' via factory method to bean named 'mvcConversionService'
2024-12-24T22:10:49.595+01:00 DEBUG 50684 --- [           main] o.s.b.f.s.DefaultListableBeanFactory     : Autowiring by type from bean name 'viewControllerHandlerMapping' via factory method to bean named 'mvcResourceUrlProvider'
2024-12-24T22:10:49.596+01:00 DEBUG 50684 --- [           main] o.s.b.f.s.DefaultListableBeanFactory     : Creating shared instance of singleton bean 'beanNameHandlerMapping'
2024-12-24T22:10:49.596+01:00 DEBUG 50684 --- [           main] o.s.b.f.s.DefaultListableBeanFactory     : Autowiring by type from bean name 'beanNameHandlerMapping' via factory method to bean named 'mvcConversionService'
2024-12-24T22:10:49.596+01:00 DEBUG 50684 --- [           main] o.s.b.f.s.DefaultListableBeanFactory     : Autowiring by type from bean name 'beanNameHandlerMapping' via factory method to bean named 'mvcResourceUrlProvider'
2024-12-24T22:10:49.598+01:00 DEBUG 50684 --- [           main] o.s.b.f.s.DefaultListableBeanFactory     : Creating shared instance of singleton bean 'routerFunctionMapping'
2024-12-24T22:10:49.599+01:00 DEBUG 50684 --- [           main] o.s.b.f.s.DefaultListableBeanFactory     : Autowiring by type from bean name 'routerFunctionMapping' via factory method to bean named 'mvcConversionService'
2024-12-24T22:10:49.599+01:00 DEBUG 50684 --- [           main] o.s.b.f.s.DefaultListableBeanFactory     : Autowiring by type from bean name 'routerFunctionMapping' via factory method to bean named 'mvcResourceUrlProvider'
2024-12-24T22:10:49.602+01:00 DEBUG 50684 --- [           main] o.s.b.f.s.DefaultListableBeanFactory     : Creating shared instance of singleton bean 'resourceHandlerMapping'
2024-12-24T22:10:49.603+01:00 DEBUG 50684 --- [           main] o.s.b.f.s.DefaultListableBeanFactory     : Autowiring by type from bean name 'resourceHandlerMapping' via factory method to bean named 'mvcContentNegotiationManager'
2024-12-24T22:10:49.603+01:00 DEBUG 50684 --- [           main] o.s.b.f.s.DefaultListableBeanFactory     : Autowiring by type from bean name 'resourceHandlerMapping' via factory method to bean named 'mvcConversionService'
2024-12-24T22:10:49.603+01:00 DEBUG 50684 --- [           main] o.s.b.f.s.DefaultListableBeanFactory     : Autowiring by type from bean name 'resourceHandlerMapping' via factory method to bean named 'mvcResourceUrlProvider'
2024-12-24T22:10:49.604+01:00 DEBUG 50684 --- [           main] o.s.w.s.handler.SimpleUrlHandlerMapping  : Patterns [/webjars/**, /**] in 'resourceHandlerMapping'
2024-12-24T22:10:49.605+01:00 DEBUG 50684 --- [           main] o.s.b.f.s.DefaultListableBeanFactory     : Creating shared instance of singleton bean 'defaultServletHandlerMapping'
2024-12-24T22:10:49.605+01:00 DEBUG 50684 --- [           main] o.s.b.f.s.DefaultListableBeanFactory     : Creating shared instance of singleton bean 'handlerFunctionAdapter'
2024-12-24T22:10:49.606+01:00 DEBUG 50684 --- [           main] o.s.b.f.s.DefaultListableBeanFactory     : Creating shared instance of singleton bean 'mvcUriComponentsContributor'
2024-12-24T22:10:49.607+01:00 DEBUG 50684 --- [           main] o.s.b.f.s.DefaultListableBeanFactory     : Autowiring by type from bean name 'mvcUriComponentsContributor' via factory method to bean named 'mvcConversionService'
2024-12-24T22:10:49.607+01:00 DEBUG 50684 --- [           main] o.s.b.f.s.DefaultListableBeanFactory     : Autowiring by type from bean name 'mvcUriComponentsContributor' via factory method to bean named 'requestMappingHandlerAdapter'
2024-12-24T22:10:49.608+01:00 DEBUG 50684 --- [           main] o.s.b.f.s.DefaultListableBeanFactory     : Creating shared instance of singleton bean 'httpRequestHandlerAdapter'
2024-12-24T22:10:49.608+01:00 DEBUG 50684 --- [           main] o.s.b.f.s.DefaultListableBeanFactory     : Creating shared instance of singleton bean 'simpleControllerHandlerAdapter'
2024-12-24T22:10:49.608+01:00 DEBUG 50684 --- [           main] o.s.b.f.s.DefaultListableBeanFactory     : Creating shared instance of singleton bean 'handlerExceptionResolver'
2024-12-24T22:10:49.609+01:00 DEBUG 50684 --- [           main] o.s.b.f.s.DefaultListableBeanFactory     : Autowiring by type from bean name 'handlerExceptionResolver' via factory method to bean named 'mvcContentNegotiationManager'
2024-12-24T22:10:49.610+01:00 DEBUG 50684 --- [           main] .m.m.a.ExceptionHandlerExceptionResolver : ControllerAdvice beans: 0 @ExceptionHandler, 1 ResponseBodyAdvice
2024-12-24T22:10:49.612+01:00 DEBUG 50684 --- [           main] o.s.b.f.s.DefaultListableBeanFactory     : Creating shared instance of singleton bean 'mvcViewResolver'
2024-12-24T22:10:49.612+01:00 DEBUG 50684 --- [           main] o.s.b.f.s.DefaultListableBeanFactory     : Autowiring by type from bean name 'mvcViewResolver' via factory method to bean named 'mvcContentNegotiationManager'
2024-12-24T22:10:49.613+01:00 DEBUG 50684 --- [           main] o.s.b.f.s.DefaultListableBeanFactory     : Creating shared instance of singleton bean 'viewNameTranslator'
2024-12-24T22:10:49.614+01:00 DEBUG 50684 --- [           main] o.s.b.f.s.DefaultListableBeanFactory     : Creating shared instance of singleton bean 'defaultViewResolver'
2024-12-24T22:10:49.616+01:00 DEBUG 50684 --- [           main] o.s.b.f.s.DefaultListableBeanFactory     : Creating shared instance of singleton bean 'viewResolver'
2024-12-24T22:10:49.617+01:00 DEBUG 50684 --- [           main] o.s.b.f.s.DefaultListableBeanFactory     : Autowiring by type from bean name 'viewResolver' via factory method to bean named 'org.springframework.beans.factory.support.DefaultListableBeanFactory@44cbc1fe'
2024-12-24T22:10:49.619+01:00 DEBUG 50684 --- [           main] o.s.b.f.s.DefaultListableBeanFactory     : Creating shared instance of singleton bean 'viewResolver'
2024-12-24T22:10:49.620+01:00 DEBUG 50684 --- [           main] o.s.b.f.s.DefaultListableBeanFactory     : Creating shared instance of singleton bean 'requestContextFilter'
2024-12-24T22:10:49.621+01:00 DEBUG 50684 --- [           main] o.s.b.f.s.DefaultListableBeanFactory     : Creating shared instance of singleton bean 'org.springframework.boot.autoconfigure.web.servlet.WebMvcAutoConfiguration'
2024-12-24T22:10:49.621+01:00 DEBUG 50684 --- [           main] o.s.b.f.s.DefaultListableBeanFactory     : Creating shared instance of singleton bean 'formContentFilter'
2024-12-24T22:10:49.623+01:00 DEBUG 50684 --- [           main] o.s.b.f.s.DefaultListableBeanFactory     : Creating shared instance of singleton bean 'org.springframework.boot.autoconfigure.gson.GsonAutoConfiguration'
2024-12-24T22:10:49.624+01:00 DEBUG 50684 --- [           main] o.s.b.f.s.DefaultListableBeanFactory     : Creating shared instance of singleton bean 'gsonBuilder'
2024-12-24T22:10:49.626+01:00 DEBUG 50684 --- [           main] o.s.b.f.s.DefaultListableBeanFactory     : Creating shared instance of singleton bean 'standardGsonBuilderCustomizer'
2024-12-24T22:10:49.627+01:00 DEBUG 50684 --- [           main] o.s.b.f.s.DefaultListableBeanFactory     : Creating shared instance of singleton bean 'spring.gson-org.springframework.boot.autoconfigure.gson.GsonProperties'
2024-12-24T22:10:49.632+01:00 DEBUG 50684 --- [           main] o.s.b.f.s.DefaultListableBeanFactory     : Autowiring by type from bean name 'standardGsonBuilderCustomizer' via factory method to bean named 'spring.gson-org.springframework.boot.autoconfigure.gson.GsonProperties'
2024-12-24T22:10:49.633+01:00 DEBUG 50684 --- [           main] o.s.b.f.s.DefaultListableBeanFactory     : Autowiring by type from bean name 'gsonBuilder' via factory method to bean named 'standardGsonBuilderCustomizer'
2024-12-24T22:10:49.635+01:00 DEBUG 50684 --- [           main] o.s.b.f.s.DefaultListableBeanFactory     : Creating shared instance of singleton bean 'gson'
2024-12-24T22:10:49.636+01:00 DEBUG 50684 --- [           main] o.s.b.f.s.DefaultListableBeanFactory     : Autowiring by type from bean name 'gson' via factory method to bean named 'gsonBuilder'
2024-12-24T22:10:49.638+01:00 DEBUG 50684 --- [           main] o.s.b.f.s.DefaultListableBeanFactory     : Creating shared instance of singleton bean 'org.springframework.boot.autoconfigure.http.JacksonHttpMessageConvertersConfiguration'
2024-12-24T22:10:49.639+01:00 DEBUG 50684 --- [           main] o.s.b.f.s.DefaultListableBeanFactory     : Creating shared instance of singleton bean 'org.springframework.boot.autoconfigure.http.GsonHttpMessageConvertersConfiguration'
2024-12-24T22:10:49.640+01:00 DEBUG 50684 --- [           main] o.s.b.f.s.DefaultListableBeanFactory     : Creating shared instance of singleton bean 'org.springframework.data.web.config.ProjectingArgumentResolverRegistrar'
2024-12-24T22:10:49.640+01:00 DEBUG 50684 --- [           main] o.s.b.f.s.DefaultListableBeanFactory     : Creating shared instance of singleton bean 'org.springframework.boot.autoconfigure.web.servlet.HttpEncodingAutoConfiguration'
2024-12-24T22:10:49.640+01:00 DEBUG 50684 --- [           main] o.s.b.f.s.DefaultListableBeanFactory     : Autowiring by type from bean name 'org.springframework.boot.autoconfigure.web.servlet.HttpEncodingAutoConfiguration' via constructor to bean named 'server-org.springframework.boot.autoconfigure.web.ServerProperties'
2024-12-24T22:10:49.642+01:00 DEBUG 50684 --- [           main] o.s.b.f.s.DefaultListableBeanFactory     : Creating shared instance of singleton bean 'characterEncodingFilter'
2024-12-24T22:10:49.644+01:00 DEBUG 50684 --- [           main] o.s.b.f.s.DefaultListableBeanFactory     : Creating shared instance of singleton bean 'localeCharsetMappingsCustomizer'
2024-12-24T22:10:49.645+01:00 DEBUG 50684 --- [           main] o.s.b.f.s.DefaultListableBeanFactory     : Creating shared instance of singleton bean 'mockMvcBuilder'
2024-12-24T22:10:49.646+01:00 DEBUG 50684 --- [           main] o.s.b.f.s.DefaultListableBeanFactory     : Creating shared instance of singleton bean 'springBootMockMvcBuilderCustomizer'
2024-12-24T22:10:49.655+01:00 DEBUG 50684 --- [           main] o.s.b.f.s.DefaultListableBeanFactory     : Autowiring by type from bean name 'mockMvcBuilder' via factory method to bean named 'springBootMockMvcBuilderCustomizer'
2024-12-24T22:10:49.682+01:00 DEBUG 50684 --- [           main] o.s.b.w.s.ServletContextInitializerBeans : Mapping filters: characterEncodingFilter urls=[/*] order=-2147483648, formContentFilter urls=[/*] order=-9900, requestContextFilter urls=[/*] order=-105
2024-12-24T22:10:49.683+01:00 DEBUG 50684 --- [           main] o.s.b.w.s.ServletContextInitializerBeans : Mapping servlets: 
2024-12-24T22:10:49.695+01:00 DEBUG 50684 --- [           main] o.s.b.f.s.DefaultListableBeanFactory     : Creating shared instance of singleton bean 'mockMvc'
2024-12-24T22:10:49.696+01:00 DEBUG 50684 --- [           main] o.s.b.f.s.DefaultListableBeanFactory     : Autowiring by type from bean name 'mockMvc' via factory method to bean named 'mockMvcBuilder'
2024-12-24T22:10:49.704+01:00  INFO 50684 --- [           main] o.s.b.t.m.w.SpringBootMockServletContext : Initializing Spring TestDispatcherServlet ''
2024-12-24T22:10:49.705+01:00  INFO 50684 --- [           main] o.s.t.web.servlet.TestDispatcherServlet  : Initializing Servlet ''
2024-12-24T22:10:49.705+01:00 DEBUG 50684 --- [           main] o.s.t.web.servlet.TestDispatcherServlet  : Detected AcceptHeaderLocaleResolver
2024-12-24T22:10:49.705+01:00 DEBUG 50684 --- [           main] o.s.t.web.servlet.TestDispatcherServlet  : Detected FixedThemeResolver
2024-12-24T22:10:49.706+01:00 DEBUG 50684 --- [           main] o.s.t.web.servlet.TestDispatcherServlet  : Detected org.springframework.web.servlet.view.DefaultRequestToViewNameTranslator@2965d07c
2024-12-24T22:10:49.707+01:00 DEBUG 50684 --- [           main] o.s.t.web.servlet.TestDispatcherServlet  : Detected org.springframework.web.servlet.support.SessionFlashMapManager@13878c50
2024-12-24T22:10:49.707+01:00 DEBUG 50684 --- [           main] o.s.t.web.servlet.TestDispatcherServlet  : enableLoggingRequestDetails='false': request parameters and headers will be masked to prevent unsafe logging of potentially sensitive data
2024-12-24T22:10:49.710+01:00  INFO 50684 --- [           main] o.s.t.web.servlet.TestDispatcherServlet  : Completed initialization in 2 ms
2024-12-24T22:10:49.714+01:00 DEBUG 50684 --- [           main] o.s.b.f.s.DefaultListableBeanFactory     : Creating shared instance of singleton bean 'dispatcherServlet'
2024-12-24T22:10:49.715+01:00 DEBUG 50684 --- [           main] o.s.b.f.s.DefaultListableBeanFactory     : Autowiring by type from bean name 'dispatcherServlet' via factory method to bean named 'mockMvc'
2024-12-24T22:10:49.728+01:00 DEBUG 50684 --- [           main] o.s.c.support.DefaultLifecycleProcessor  : Starting beans in phase -2147483647
2024-12-24T22:10:49.728+01:00 DEBUG 50684 --- [           main] o.s.c.support.DefaultLifecycleProcessor  : Successfully started bean 'springBootLoggingLifecycle'
2024-12-24T22:10:49.732+01:00 DEBUG 50684 --- [           main] .s.b.a.l.ConditionEvaluationReportLogger : 


============================
CONDITIONS EVALUATION REPORT
============================


Positive matches:
-----------------

   AutoServiceRegistrationConfiguration matched:
      - @ConditionalOnProperty (spring.cloud.service-registry.auto-registration.enabled) matched (OnPropertyCondition)

   ErrorMvcAutoConfiguration matched:
      - @ConditionalOnClass found required classes 'jakarta.servlet.Servlet', 'org.springframework.web.servlet.DispatcherServlet' (OnClassCondition)
      - found 'session' scope (OnWebApplicationCondition)

   ErrorMvcAutoConfiguration#basicErrorController matched:
      - @ConditionalOnMissingBean (types: org.springframework.boot.web.servlet.error.ErrorController; SearchStrategy: current) did not find any beans (OnBeanCondition)

   ErrorMvcAutoConfiguration#errorAttributes matched:
      - @ConditionalOnMissingBean (types: org.springframework.boot.web.servlet.error.ErrorAttributes; SearchStrategy: current) did not find any beans (OnBeanCondition)

   ErrorMvcAutoConfiguration.WhitelabelErrorViewConfiguration matched:
      - @ConditionalOnProperty (server.error.whitelabel.enabled) matched (OnPropertyCondition)
      - ErrorTemplate Missing did not find error template view (ErrorMvcAutoConfiguration.ErrorTemplateMissingCondition)

   ErrorMvcAutoConfiguration.WhitelabelErrorViewConfiguration#beanNameViewResolver matched:
      - @ConditionalOnMissingBean (types: org.springframework.web.servlet.view.BeanNameViewResolver; SearchStrategy: all) did not find any beans (OnBeanCondition)

   ErrorMvcAutoConfiguration.WhitelabelErrorViewConfiguration#defaultErrorView matched:
      - @ConditionalOnMissingBean (names: error; SearchStrategy: all) did not find any beans (OnBeanCondition)

   GsonAutoConfiguration matched:
      - @ConditionalOnClass found required class 'com.google.gson.Gson' (OnClassCondition)

   GsonAutoConfiguration#gson matched:
      - @ConditionalOnMissingBean (types: com.google.gson.Gson; SearchStrategy: all) did not find any beans (OnBeanCondition)

   GsonAutoConfiguration#gsonBuilder matched:
      - @ConditionalOnMissingBean (types: com.google.gson.GsonBuilder; SearchStrategy: all) did not find any beans (OnBeanCondition)

   GsonHttpMessageConvertersConfiguration matched:
      - @ConditionalOnClass found required class 'com.google.gson.Gson' (OnClassCondition)

   HttpEncodingAutoConfiguration matched:
      - @ConditionalOnClass found required class 'org.springframework.web.filter.CharacterEncodingFilter' (OnClassCondition)
      - found 'session' scope (OnWebApplicationCondition)
      - @ConditionalOnProperty (server.servlet.encoding.enabled) matched (OnPropertyCondition)

   HttpEncodingAutoConfiguration#characterEncodingFilter matched:
      - @ConditionalOnMissingBean (types: org.springframework.web.filter.CharacterEncodingFilter; SearchStrategy: all) did not find any beans (OnBeanCondition)

   HttpMessageConvertersAutoConfiguration matched:
      - @ConditionalOnClass found required class 'org.springframework.http.converter.HttpMessageConverter' (OnClassCondition)
      - NoneNestedConditions 0 matched 1 did not; NestedCondition on HttpMessageConvertersAutoConfiguration.NotReactiveWebApplicationCondition.ReactiveWebApplication did not find reactive web application classes (HttpMessageConvertersAutoConfiguration.NotReactiveWebApplicationCondition)

   HttpMessageConvertersAutoConfiguration#messageConverters matched:
      - @ConditionalOnMissingBean (types: org.springframework.boot.autoconfigure.http.HttpMessageConverters; SearchStrategy: all) did not find any beans (OnBeanCondition)

   HttpMessageConvertersAutoConfiguration.StringHttpMessageConverterConfiguration matched:
      - @ConditionalOnClass found required class 'org.springframework.http.converter.StringHttpMessageConverter' (OnClassCondition)

   HttpMessageConvertersAutoConfiguration.StringHttpMessageConverterConfiguration#stringHttpMessageConverter matched:
      - @ConditionalOnMissingBean (types: org.springframework.http.converter.StringHttpMessageConverter; SearchStrategy: all) did not find any beans (OnBeanCondition)

   JacksonAutoConfiguration matched:
      - @ConditionalOnClass found required class 'com.fasterxml.jackson.databind.ObjectMapper' (OnClassCondition)

   JacksonAutoConfiguration.Jackson2ObjectMapperBuilderCustomizerConfiguration matched:
      - @ConditionalOnClass found required class 'org.springframework.http.converter.json.Jackson2ObjectMapperBuilder' (OnClassCondition)

   JacksonAutoConfiguration.JacksonObjectMapperBuilderConfiguration matched:
      - @ConditionalOnClass found required class 'org.springframework.http.converter.json.Jackson2ObjectMapperBuilder' (OnClassCondition)

   JacksonAutoConfiguration.JacksonObjectMapperBuilderConfiguration#jacksonObjectMapperBuilder matched:
      - @ConditionalOnMissingBean (types: org.springframework.http.converter.json.Jackson2ObjectMapperBuilder; SearchStrategy: all) did not find any beans (OnBeanCondition)

   JacksonAutoConfiguration.JacksonObjectMapperConfiguration matched:
      - @ConditionalOnClass found required class 'org.springframework.http.converter.json.Jackson2ObjectMapperBuilder' (OnClassCondition)

   JacksonAutoConfiguration.JacksonObjectMapperConfiguration#jacksonObjectMapper matched:
      - @ConditionalOnMissingBean (types: com.fasterxml.jackson.databind.ObjectMapper; SearchStrategy: all) did not find any beans (OnBeanCondition)

   JacksonAutoConfiguration.ParameterNamesModuleConfiguration matched:
      - @ConditionalOnClass found required class 'com.fasterxml.jackson.module.paramnames.ParameterNamesModule' (OnClassCondition)

   JacksonAutoConfiguration.ParameterNamesModuleConfiguration#parameterNamesModule matched:
      - @ConditionalOnMissingBean (types: com.fasterxml.jackson.module.paramnames.ParameterNamesModule; SearchStrategy: all) did not find any beans (OnBeanCondition)

   JacksonHttpMessageConvertersConfiguration.MappingJackson2HttpMessageConverterConfiguration matched:
      - @ConditionalOnClass found required class 'com.fasterxml.jackson.databind.ObjectMapper' (OnClassCondition)
      - @ConditionalOnProperty (spring.mvc.converters.preferred-json-mapper=jackson) matched (OnPropertyCondition)
      - @ConditionalOnBean (types: com.fasterxml.jackson.databind.ObjectMapper; SearchStrategy: all) found bean 'jacksonObjectMapper' (OnBeanCondition)

   JacksonHttpMessageConvertersConfiguration.MappingJackson2HttpMessageConverterConfiguration#mappingJackson2HttpMessageConverter matched:
      - @ConditionalOnMissingBean (types: org.springframework.http.converter.json.MappingJackson2HttpMessageConverter ignored: org.springframework.hateoas.server.mvc.TypeConstrainedMappingJackson2HttpMessageConverter,org.springframework.data.rest.webmvc.alps.AlpsJsonHttpMessageConverter; SearchStrategy: all) did not find any beans (OnBeanCondition)

   MockMvcAutoConfiguration matched:
      - found 'session' scope (OnWebApplicationCondition)

   MockMvcAutoConfiguration#dispatcherServlet matched:
      - @ConditionalOnMissingBean (types: org.springframework.web.servlet.DispatcherServlet; SearchStrategy: all) did not find any beans (OnBeanCondition)

   MockMvcAutoConfiguration#dispatcherServletPath matched:
      - @ConditionalOnMissingBean (types: org.springframework.boot.autoconfigure.web.servlet.DispatcherServletPath; SearchStrategy: all) did not find any beans (OnBeanCondition)

   MockMvcAutoConfiguration#mockMvc matched:
      - @ConditionalOnMissingBean (types: org.springframework.test.web.servlet.MockMvc; SearchStrategy: all) did not find any beans (OnBeanCondition)

   MockMvcAutoConfiguration#mockMvcBuilder matched:
      - @ConditionalOnMissingBean (types: org.springframework.test.web.servlet.MockMvcBuilder; SearchStrategy: all) did not find any beans (OnBeanCondition)

   NoOpCacheConfiguration matched:
      - Cache org.springframework.boot.autoconfigure.cache.NoOpCacheConfiguration NONE cache type (CacheCondition)

   SpringDataWebAutoConfiguration matched:
      - @ConditionalOnClass found required classes 'org.springframework.data.web.PageableHandlerMethodArgumentResolver', 'org.springframework.web.servlet.config.annotation.WebMvcConfigurer' (OnClassCondition)
      - found 'session' scope (OnWebApplicationCondition)
      - @ConditionalOnMissingBean (types: org.springframework.data.web.PageableHandlerMethodArgumentResolver; SearchStrategy: all) did not find any beans (OnBeanCondition)

   SpringDataWebAutoConfiguration#pageableCustomizer matched:
      - @ConditionalOnMissingBean (types: org.springframework.data.web.config.PageableHandlerMethodArgumentResolverCustomizer; SearchStrategy: all) did not find any beans (OnBeanCondition)

   SpringDataWebAutoConfiguration#sortCustomizer matched:
      - @ConditionalOnMissingBean (types: org.springframework.data.web.config.SortHandlerMethodArgumentResolverCustomizer; SearchStrategy: all) did not find any beans (OnBeanCondition)

   TaskExecutionAutoConfiguration matched:
      - @ConditionalOnClass found required class 'org.springframework.scheduling.concurrent.ThreadPoolTaskExecutor' (OnClassCondition)

   TaskExecutionAutoConfiguration#applicationTaskExecutor matched:
      - @ConditionalOnMissingBean (types: java.util.concurrent.Executor; SearchStrategy: all) did not find any beans (OnBeanCondition)

   TaskExecutionAutoConfiguration#taskExecutorBuilder matched:
      - @ConditionalOnMissingBean (types: org.springframework.boot.task.TaskExecutorBuilder; SearchStrategy: all) did not find any beans (OnBeanCondition)

   WebMvcAutoConfiguration matched:
      - @ConditionalOnClass found required classes 'jakarta.servlet.Servlet', 'org.springframework.web.servlet.DispatcherServlet', 'org.springframework.web.servlet.config.annotation.WebMvcConfigurer' (OnClassCondition)
      - found 'session' scope (OnWebApplicationCondition)
      - @ConditionalOnMissingBean (types: org.springframework.web.servlet.config.annotation.WebMvcConfigurationSupport; SearchStrategy: all) did not find any beans (OnBeanCondition)

   WebMvcAutoConfiguration#formContentFilter matched:
      - @ConditionalOnProperty (spring.mvc.formcontent.filter.enabled) matched (OnPropertyCondition)
      - @ConditionalOnMissingBean (types: org.springframework.web.filter.FormContentFilter; SearchStrategy: all) did not find any beans (OnBeanCondition)

   WebMvcAutoConfiguration.EnableWebMvcConfiguration#flashMapManager matched:
      - @ConditionalOnMissingBean (names: flashMapManager; SearchStrategy: all) did not find any beans (OnBeanCondition)

   WebMvcAutoConfiguration.EnableWebMvcConfiguration#localeResolver matched:
      - @ConditionalOnMissingBean (names: localeResolver; SearchStrategy: all) did not find any beans (OnBeanCondition)

   WebMvcAutoConfiguration.EnableWebMvcConfiguration#themeResolver matched:
      - @ConditionalOnMissingBean (names: themeResolver; SearchStrategy: all) did not find any beans (OnBeanCondition)

   WebMvcAutoConfiguration.WebMvcAutoConfigurationAdapter#defaultViewResolver matched:
      - @ConditionalOnMissingBean (types: org.springframework.web.servlet.view.InternalResourceViewResolver; SearchStrategy: all) did not find any beans (OnBeanCondition)

   WebMvcAutoConfiguration.WebMvcAutoConfigurationAdapter#requestContextFilter matched:
      - @ConditionalOnMissingBean (types: org.springframework.web.context.request.RequestContextListener,org.springframework.web.filter.RequestContextFilter; SearchStrategy: all) did not find any beans (OnBeanCondition)

   WebMvcAutoConfiguration.WebMvcAutoConfigurationAdapter#viewResolver matched:
      - @ConditionalOnBean (types: org.springframework.web.servlet.ViewResolver; SearchStrategy: all) found beans 'defaultViewResolver', 'beanNameViewResolver', 'mvcViewResolver'; @ConditionalOnMissingBean (names: viewResolver types: org.springframework.web.servlet.view.ContentNegotiatingViewResolver; SearchStrategy: all) did not find any beans (OnBeanCondition)


Negative matches:
-----------------

   Cache2kCacheConfiguration:
      Did not match:
         - @ConditionalOnClass did not find required class 'org.cache2k.Cache2kBuilder' (OnClassCondition)

   CacheAutoConfiguration:
      Did not match:
         - @ConditionalOnBean (types: org.springframework.cache.interceptor.CacheAspectSupport; SearchStrategy: all) did not find any beans of type org.springframework.cache.interceptor.CacheAspectSupport (OnBeanCondition)
      Matched:
         - @ConditionalOnClass found required class 'org.springframework.cache.CacheManager' (OnClassCondition)

   CacheAutoConfiguration.CacheManagerEntityManagerFactoryDependsOnPostProcessor:
      Did not match:
         - Ancestor org.springframework.boot.autoconfigure.cache.CacheAutoConfiguration did not match (ConditionEvaluationReport.AncestorsMatchedCondition)
      Matched:
         - @ConditionalOnClass found required class 'org.springframework.orm.jpa.LocalContainerEntityManagerFactoryBean' (OnClassCondition)

   CaffeineCacheConfiguration:
      Did not match:
         - @ConditionalOnClass did not find required class 'com.github.benmanes.caffeine.cache.Caffeine' (OnClassCondition)

   CouchbaseCacheConfiguration:
      Did not match:
         - @ConditionalOnClass did not find required class 'com.couchbase.client.java.Cluster' (OnClassCondition)

   ErrorMvcAutoConfiguration.DefaultErrorViewResolverConfiguration#conventionErrorViewResolver:
      Did not match:
         - @ConditionalOnBean (types: org.springframework.web.servlet.DispatcherServlet; SearchStrategy: all) did not find any beans of type org.springframework.web.servlet.DispatcherServlet (OnBeanCondition)

   FreeMarkerAutoConfiguration:
      Did not match:
         - @ConditionalOnClass did not find required class 'freemarker.template.Configuration' (OnClassCondition)

   GenericCacheConfiguration:
      Did not match:
         - Cache org.springframework.boot.autoconfigure.cache.GenericCacheConfiguration unknown cache type (CacheCondition)

   GroovyTemplateAutoConfiguration:
      Did not match:
         - @ConditionalOnClass did not find required class 'groovy.text.markup.MarkupTemplateEngine' (OnClassCondition)

   GsonHttpMessageConvertersConfiguration.GsonHttpMessageConverterConfiguration:
      Did not match:
         - AnyNestedCondition 0 matched 2 did not; NestedCondition on GsonHttpMessageConvertersConfiguration.PreferGsonOrJacksonAndJsonbUnavailableCondition.JacksonJsonbUnavailable NoneNestedConditions 1 matched 1 did not; NestedCondition on GsonHttpMessageConvertersConfiguration.JacksonAndJsonbUnavailableCondition.JsonbPreferred @ConditionalOnProperty (spring.mvc.converters.preferred-json-mapper=jsonb) did not find property 'spring.mvc.converters.preferred-json-mapper'; NestedCondition on GsonHttpMessageConvertersConfiguration.JacksonAndJsonbUnavailableCondition.JacksonAvailable @ConditionalOnBean (types: org.springframework.http.converter.json.MappingJackson2HttpMessageConverter; SearchStrategy: all) found bean 'mappingJackson2HttpMessageConverter'; NestedCondition on GsonHttpMessageConvertersConfiguration.PreferGsonOrJacksonAndJsonbUnavailableCondition.GsonPreferred @ConditionalOnProperty (spring.mvc.converters.preferred-json-mapper=gson) did not find property 'spring.mvc.converters.preferred-json-mapper' (GsonHttpMessageConvertersConfiguration.PreferGsonOrJacksonAndJsonbUnavailableCondition)

   HazelcastCacheConfiguration:
      Did not match:
         - @ConditionalOnClass did not find required class 'com.hazelcast.core.HazelcastInstance' (OnClassCondition)

   HypermediaAutoConfiguration:
      Did not match:
         - @ConditionalOnClass did not find required class 'org.springframework.hateoas.EntityModel' (OnClassCondition)

   InfinispanCacheConfiguration:
      Did not match:
         - @ConditionalOnClass did not find required class 'org.infinispan.spring.embedded.provider.SpringEmbeddedCacheManager' (OnClassCondition)

   JCacheCacheConfiguration:
      Did not match:
         - @ConditionalOnClass did not find required class 'javax.cache.Caching' (OnClassCondition)

   JacksonHttpMessageConvertersConfiguration.MappingJackson2XmlHttpMessageConverterConfiguration:
      Did not match:
         - @ConditionalOnClass did not find required class 'com.fasterxml.jackson.dataformat.xml.XmlMapper' (OnClassCondition)

   JsonbAutoConfiguration:
      Did not match:
         - @ConditionalOnClass did not find required class 'jakarta.json.bind.Jsonb' (OnClassCondition)

   JsonbHttpMessageConvertersConfiguration:
      Did not match:
         - @ConditionalOnClass did not find required class 'jakarta.json.bind.Jsonb' (OnClassCondition)

   MessageSourceAutoConfiguration:
      Did not match:
         - ResourceBundle did not find bundle with basename messages (MessageSourceAutoConfiguration.ResourceBundleCondition)

   MockMvcAutoConfiguration.WebTestClientMockMvcConfiguration:
      Did not match:
         - @ConditionalOnClass did not find required class 'org.springframework.web.reactive.function.client.WebClient' (OnClassCondition)

   MockMvcSecurityConfiguration:
      Did not match:
         - @ConditionalOnClass did not find required class 'org.springframework.security.test.web.servlet.request.SecurityMockMvcRequestPostProcessors' (OnClassCondition)

   MockMvcWebClientAutoConfiguration:
      Did not match:
         - @ConditionalOnClass did not find required class 'com.gargoylesoftware.htmlunit.WebClient' (OnClassCondition)

   MockMvcWebDriverAutoConfiguration:
      Did not match:
         - @ConditionalOnClass did not find required class 'org.openqa.selenium.htmlunit.HtmlUnitDriver' (OnClassCondition)

   MustacheAutoConfiguration:
      Did not match:
         - @ConditionalOnClass did not find required class 'com.samskivert.mustache.Mustache' (OnClassCondition)

   OAuth2ClientAutoConfiguration:
      Did not match:
         - @ConditionalOnClass did not find required class 'org.springframework.security.config.annotation.web.configuration.EnableWebSecurity' (OnClassCondition)

   OAuth2ResourceServerAutoConfiguration:
      Did not match:
         - @ConditionalOnClass did not find required class 'org.springframework.security.oauth2.server.resource.authentication.BearerTokenAuthenticationToken' (OnClassCondition)

   RedisCacheConfiguration:
      Did not match:
         - @ConditionalOnClass did not find required class 'org.springframework.data.redis.connection.RedisConnectionFactory' (OnClassCondition)

   SecurityAutoConfiguration:
      Did not match:
         - @ConditionalOnClass did not find required class 'org.springframework.security.authentication.DefaultAuthenticationEventPublisher' (OnClassCondition)

   SecurityFilterAutoConfiguration:
      Did not match:
         - @ConditionalOnClass did not find required class 'org.springframework.security.config.http.SessionCreationPolicy' (OnClassCondition)

   SimpleCacheConfiguration:
      Did not match:
         - Cache org.springframework.boot.autoconfigure.cache.SimpleCacheConfiguration unknown cache type (CacheCondition)

   ThymeleafAutoConfiguration:
      Did not match:
         - @ConditionalOnClass did not find required class 'org.thymeleaf.spring6.SpringTemplateEngine' (OnClassCondition)

   UserDetailsServiceAutoConfiguration:
      Did not match:
         - @ConditionalOnClass did not find required class 'org.springframework.security.authentication.AuthenticationManager' (OnClassCondition)

   ValidationAutoConfiguration:
      Did not match:
         - @ConditionalOnClass did not find required class 'jakarta.validation.executable.ExecutableValidator' (OnClassCondition)

   WebMvcAutoConfiguration#hiddenHttpMethodFilter:
      Did not match:
         - @ConditionalOnProperty (spring.mvc.hiddenmethod.filter.enabled) did not find property 'enabled' (OnPropertyCondition)

   WebMvcAutoConfiguration.ProblemDetailsErrorHandlingConfiguration:
      Did not match:
         - @ConditionalOnProperty (spring.mvc.problemdetails.enabled=true) did not find property 'enabled' (OnPropertyCondition)

   WebMvcAutoConfiguration.ResourceChainCustomizerConfiguration:
      Did not match:
         - @ConditionalOnEnabledResourceChain did not find class org.webjars.WebJarAssetLocator (OnEnabledResourceChainCondition)

   WebMvcAutoConfiguration.WebMvcAutoConfigurationAdapter#beanNameViewResolver:
      Did not match:
         - @ConditionalOnMissingBean (types: org.springframework.web.servlet.view.BeanNameViewResolver; SearchStrategy: all) found beans of type 'org.springframework.web.servlet.view.BeanNameViewResolver' beanNameViewResolver (OnBeanCondition)

   WebTestClientAutoConfiguration:
      Did not match:
         - @ConditionalOnClass did not find required class 'org.springframework.web.reactive.function.client.WebClient' (OnClassCondition)


Exclusions:
-----------

    None


Unconditional classes:
----------------------

    None



2024-12-24T22:10:49.735+01:00  INFO 50684 --- [           main] m.a.controller.AmbulanceControllerTest   : Started AmbulanceControllerTest in 1.747 seconds (process running for 14.604)
2024-12-24T22:10:49.736+01:00 DEBUG 50684 --- [           main] org.springframework.test.context.cache   : Spring test ApplicationContext cache statistics: [DefaultContextCache@1f9f550e size = 2, maxSize = 32, parentContextCount = 0, hitCount = 12, missCount = 2]
2024-12-24T22:10:49.738+01:00 DEBUG 50684 --- [           main] DependencyInjectionTestExecutionListener : Performing dependency injection for test class mine.ambulance_service.controller.AmbulanceControllerTest
2024-12-24T22:10:49.738+01:00 DEBUG 50684 --- [           main] org.springframework.test.context.cache   : Spring test ApplicationContext cache statistics: [DefaultContextCache@1f9f550e size = 2, maxSize = 32, parentContextCount = 0, hitCount = 13, missCount = 2]
2024-12-24T22:10:49.744+01:00 DEBUG 50684 --- [           main] org.springframework.test.context.cache   : Spring test ApplicationContext cache statistics: [DefaultContextCache@1f9f550e size = 2, maxSize = 32, parentContextCount = 0, hitCount = 14, missCount = 2]
2024-12-24T22:10:49.749+01:00 DEBUG 50684 --- [           main] sContextBeforeModesTestExecutionListener : Before test method: class [AmbulanceControllerTest], method [updateAmbulanceLocation_WhenExists_ShouldReturnUpdatedAmbulance], class annotated with @DirtiesContext [false] with mode [null], method annotated with @DirtiesContext [false] with mode [null]
2024-12-24T22:10:49.751+01:00 DEBUG 50684 --- [           main] org.springframework.test.context.cache   : Spring test ApplicationContext cache statistics: [DefaultContextCache@1f9f550e size = 2, maxSize = 32, parentContextCount = 0, hitCount = 15, missCount = 2]
2024-12-24T22:10:49.751+01:00 DEBUG 50684 --- [           main] org.springframework.test.context.cache   : Spring test ApplicationContext cache statistics: [DefaultContextCache@1f9f550e size = 2, maxSize = 32, parentContextCount = 0, hitCount = 16, missCount = 2]
2024-12-24T22:10:49.755+01:00 DEBUG 50684 --- [           main] org.springframework.test.context.cache   : Spring test ApplicationContext cache statistics: [DefaultContextCache@1f9f550e size = 2, maxSize = 32, parentContextCount = 0, hitCount = 17, missCount = 2]
2024-12-24T22:10:49.872+01:00 DEBUG 50684 --- [           main] o.s.t.web.servlet.TestDispatcherServlet  : PATCH "/api/ambulances/1/location", parameters={}
2024-12-24T22:10:49.890+01:00 DEBUG 50684 --- [           main] s.w.s.m.m.a.RequestMappingHandlerMapping : Mapped to mine.ambulance_service.controller.AmbulanceController#updateAmbulanceLocation(Long, Ambulance)
2024-12-24T22:10:49.981+01:00 DEBUG 50684 --- [           main] m.m.a.RequestResponseBodyMethodProcessor : Read "application/json;charset=UTF-8" to [Ambulance(id=null, driverName=null, available=false, latitude=41.8781, longitude=-87.6298)]
2024-12-24T22:10:50.021+01:00 DEBUG 50684 --- [           main] o.s.w.s.m.m.a.HttpEntityMethodProcessor  : Using 'application/json', given [*/*] and supported [application/json, application/*+json]
2024-12-24T22:10:50.022+01:00 DEBUG 50684 --- [           main] o.s.w.s.m.m.a.HttpEntityMethodProcessor  : Writing [Ambulance(id=null, driverName=null, available=false, latitude=41.8781, longitude=-87.6298)]
2024-12-24T22:10:50.024+01:00 DEBUG 50684 --- [           main] o.s.t.web.servlet.TestDispatcherServlet  : Completed 200 OK
2024-12-24T22:10:50.167+01:00 DEBUG 50684 --- [           main] org.springframework.test.context.cache   : Spring test ApplicationContext cache statistics: [DefaultContextCache@1f9f550e size = 2, maxSize = 32, parentContextCount = 0, hitCount = 18, missCount = 2]
2024-12-24T22:10:50.168+01:00 DEBUG 50684 --- [           main] org.springframework.test.context.cache   : Spring test ApplicationContext cache statistics: [DefaultContextCache@1f9f550e size = 2, maxSize = 32, parentContextCount = 0, hitCount = 19, missCount = 2]
2024-12-24T22:10:50.168+01:00 DEBUG 50684 --- [           main] org.springframework.test.context.cache   : Spring test ApplicationContext cache statistics: [DefaultContextCache@1f9f550e size = 2, maxSize = 32, parentContextCount = 0, hitCount = 20, missCount = 2]
2024-12-24T22:10:50.168+01:00 DEBUG 50684 --- [           main] org.springframework.test.context.cache   : Spring test ApplicationContext cache statistics: [DefaultContextCache@1f9f550e size = 2, maxSize = 32, parentContextCount = 0, hitCount = 21, missCount = 2]
2024-12-24T22:10:50.169+01:00 DEBUG 50684 --- [           main] org.springframework.test.context.cache   : Spring test ApplicationContext cache statistics: [DefaultContextCache@1f9f550e size = 2, maxSize = 32, parentContextCount = 0, hitCount = 22, missCount = 2]
2024-12-24T22:10:50.170+01:00 DEBUG 50684 --- [           main] org.springframework.test.context.cache   : Spring test ApplicationContext cache statistics: [DefaultContextCache@1f9f550e size = 2, maxSize = 32, parentContextCount = 0, hitCount = 23, missCount = 2]
2024-12-24T22:10:50.170+01:00 DEBUG 50684 --- [           main] .c.s.DirtiesContextTestExecutionListener : After test method: class [AmbulanceControllerTest], method [updateAmbulanceLocation_WhenExists_ShouldReturnUpdatedAmbulance], class annotated with @DirtiesContext [false] with mode [null], method annotated with @DirtiesContext [false] with mode [null]
]]></system-out>
  </testcase>
  <testcase name="updateAmbulance_WhenExists_ShouldReturnUpdatedAmbulance" classname="mine.ambulance_service.controller.AmbulanceControllerTest" time="0.015">
    <system-out><![CDATA[2024-12-24T22:10:50.173+01:00 DEBUG 50684 --- [           main] org.springframework.test.context.cache   : Spring test ApplicationContext cache statistics: [DefaultContextCache@1f9f550e size = 2, maxSize = 32, parentContextCount = 0, hitCount = 24, missCount = 2]
2024-12-24T22:10:50.174+01:00 DEBUG 50684 --- [           main] DependencyInjectionTestExecutionListener : Performing dependency injection for test class mine.ambulance_service.controller.AmbulanceControllerTest
2024-12-24T22:10:50.174+01:00 DEBUG 50684 --- [           main] org.springframework.test.context.cache   : Spring test ApplicationContext cache statistics: [DefaultContextCache@1f9f550e size = 2, maxSize = 32, parentContextCount = 0, hitCount = 25, missCount = 2]
2024-12-24T22:10:50.175+01:00 DEBUG 50684 --- [           main] org.springframework.test.context.cache   : Spring test ApplicationContext cache statistics: [DefaultContextCache@1f9f550e size = 2, maxSize = 32, parentContextCount = 0, hitCount = 26, missCount = 2]
2024-12-24T22:10:50.177+01:00 DEBUG 50684 --- [           main] sContextBeforeModesTestExecutionListener : Before test method: class [AmbulanceControllerTest], method [updateAmbulance_WhenExists_ShouldReturnUpdatedAmbulance], class annotated with @DirtiesContext [false] with mode [null], method annotated with @DirtiesContext [false] with mode [null]
2024-12-24T22:10:50.177+01:00 DEBUG 50684 --- [           main] org.springframework.test.context.cache   : Spring test ApplicationContext cache statistics: [DefaultContextCache@1f9f550e size = 2, maxSize = 32, parentContextCount = 0, hitCount = 27, missCount = 2]
2024-12-24T22:10:50.178+01:00 DEBUG 50684 --- [           main] org.springframework.test.context.cache   : Spring test ApplicationContext cache statistics: [DefaultContextCache@1f9f550e size = 2, maxSize = 32, parentContextCount = 0, hitCount = 28, missCount = 2]
2024-12-24T22:10:50.180+01:00 DEBUG 50684 --- [           main] org.springframework.test.context.cache   : Spring test ApplicationContext cache statistics: [DefaultContextCache@1f9f550e size = 2, maxSize = 32, parentContextCount = 0, hitCount = 29, missCount = 2]
2024-12-24T22:10:50.182+01:00 DEBUG 50684 --- [           main] o.s.t.web.servlet.TestDispatcherServlet  : PUT "/api/ambulances/1", parameters={}
2024-12-24T22:10:50.183+01:00 DEBUG 50684 --- [           main] s.w.s.m.m.a.RequestMappingHandlerMapping : Mapped to mine.ambulance_service.controller.AmbulanceController#updateAmbulance(Long, Ambulance)
2024-12-24T22:10:50.185+01:00 DEBUG 50684 --- [           main] m.m.a.RequestResponseBodyMethodProcessor : Read "application/json;charset=UTF-8" to [Ambulance(id=1, driverName=Jane Doe, available=false, latitude=41.8781, longitude=-87.6298)]
2024-12-24T22:10:50.187+01:00 DEBUG 50684 --- [           main] o.s.w.s.m.m.a.HttpEntityMethodProcessor  : Using 'application/json', given [*/*] and supported [application/json, application/*+json]
2024-12-24T22:10:50.187+01:00 DEBUG 50684 --- [           main] o.s.w.s.m.m.a.HttpEntityMethodProcessor  : Writing [Ambulance(id=1, driverName=Jane Doe, available=false, latitude=41.8781, longitude=-87.6298)]
2024-12-24T22:10:50.187+01:00 DEBUG 50684 --- [           main] o.s.t.web.servlet.TestDispatcherServlet  : Completed 200 OK
2024-12-24T22:10:50.189+01:00 DEBUG 50684 --- [           main] org.springframework.test.context.cache   : Spring test ApplicationContext cache statistics: [DefaultContextCache@1f9f550e size = 2, maxSize = 32, parentContextCount = 0, hitCount = 30, missCount = 2]
2024-12-24T22:10:50.190+01:00 DEBUG 50684 --- [           main] org.springframework.test.context.cache   : Spring test ApplicationContext cache statistics: [DefaultContextCache@1f9f550e size = 2, maxSize = 32, parentContextCount = 0, hitCount = 31, missCount = 2]
2024-12-24T22:10:50.190+01:00 DEBUG 50684 --- [           main] org.springframework.test.context.cache   : Spring test ApplicationContext cache statistics: [DefaultContextCache@1f9f550e size = 2, maxSize = 32, parentContextCount = 0, hitCount = 32, missCount = 2]
2024-12-24T22:10:50.190+01:00 DEBUG 50684 --- [           main] org.springframework.test.context.cache   : Spring test ApplicationContext cache statistics: [DefaultContextCache@1f9f550e size = 2, maxSize = 32, parentContextCount = 0, hitCount = 33, missCount = 2]
2024-12-24T22:10:50.190+01:00 DEBUG 50684 --- [           main] org.springframework.test.context.cache   : Spring test ApplicationContext cache statistics: [DefaultContextCache@1f9f550e size = 2, maxSize = 32, parentContextCount = 0, hitCount = 34, missCount = 2]
2024-12-24T22:10:50.190+01:00 DEBUG 50684 --- [           main] org.springframework.test.context.cache   : Spring test ApplicationContext cache statistics: [DefaultContextCache@1f9f550e size = 2, maxSize = 32, parentContextCount = 0, hitCount = 35, missCount = 2]
2024-12-24T22:10:50.190+01:00 DEBUG 50684 --- [           main] .c.s.DirtiesContextTestExecutionListener : After test method: class [AmbulanceControllerTest], method [updateAmbulance_WhenExists_ShouldReturnUpdatedAmbulance], class annotated with @DirtiesContext [false] with mode [null], method annotated with @DirtiesContext [false] with mode [null]
]]></system-out>
  </testcase>
  <testcase name="deleteAmbulance_WhenNotExists_ShouldReturnNotFound" classname="mine.ambulance_service.controller.AmbulanceControllerTest" time="0.013">
[...]
2024-12-24T22:10:50.287+01:00 DEBUG 50684 --- [           main] sContextBeforeModesTestExecutionListener : Before test method: class [AmbulanceControllerTest], method [updateAmbulance_WhenNotExists_ShouldReturnNotFound], class annotated with @DirtiesContext [false] with mode [null], method annotated with @DirtiesContext [false] with mode [null]
2024-12-24T22:10:50.288+01:00 DEBUG 50684 --- [           main] org.springframework.test.context.cache   : Spring test ApplicationContext cache statistics: [DefaultContextCache@1f9f550e size = 2, maxSize = 32, parentContextCount = 0, hitCount = 111, missCount = 2]
2024-12-24T22:10:50.288+01:00 DEBUG 50684 --- [           main] org.springframework.test.context.cache   : Spring test ApplicationContext cache statistics: [DefaultContextCache@1f9f550e size = 2, maxSize = 32, parentContextCount = 0, hitCount = 112, missCount = 2]
2024-12-24T22:10:50.289+01:00 DEBUG 50684 --- [           main] org.springframework.test.context.cache   : Spring test ApplicationContext cache statistics: [DefaultContextCache@1f9f550e size = 2, maxSize = 32, parentContextCount = 0, hitCount = 113, missCount = 2]
2024-12-24T22:10:50.291+01:00 DEBUG 50684 --- [           main] o.s.t.web.servlet.TestDispatcherServlet  : PUT "/api/ambulances/99", parameters={}
2024-12-24T22:10:50.292+01:00 DEBUG 50684 --- [           main] s.w.s.m.m.a.RequestMappingHandlerMapping : Mapped to mine.ambulance_service.controller.AmbulanceController#updateAmbulance(Long, Ambulance)
2024-12-24T22:10:50.293+01:00 DEBUG 50684 --- [           main] m.m.a.RequestResponseBodyMethodProcessor : Read "application/json;charset=UTF-8" to [Ambulance(id=null, driverName=null, available=false, latitude=null, longitude=null)]
2024-12-24T22:10:50.293+01:00 DEBUG 50684 --- [           main] o.s.w.s.m.m.a.HttpEntityMethodProcessor  : Using 'application/json', given [*/*] and supported [application/json, application/*+json]
2024-12-24T22:10:50.293+01:00 DEBUG 50684 --- [           main] o.s.w.s.m.m.a.HttpEntityMethodProcessor  : Nothing to write: null body
2024-12-24T22:10:50.294+01:00 DEBUG 50684 --- [           main] o.s.t.web.servlet.TestDispatcherServlet  : Completed 404 NOT_FOUND
2024-12-24T22:10:50.295+01:00 DEBUG 50684 --- [           main] org.springframework.test.context.cache   : Spring test ApplicationContext cache statistics: [DefaultContextCache@1f9f550e size = 2, maxSize = 32, parentContextCount = 0, hitCount = 114, missCount = 2]
2024-12-24T22:10:50.295+01:00 DEBUG 50684 --- [           main] org.springframework.test.context.cache   : Spring test ApplicationContext cache statistics: [DefaultContextCache@1f9f550e size = 2, maxSize = 32, parentContextCount = 0, hitCount = 115, missCount = 2]
2024-12-24T22:10:50.295+01:00 DEBUG 50684 --- [           main] org.springframework.test.context.cache   : Spring test ApplicationContext cache statistics: [DefaultContextCache@1f9f550e size = 2, maxSize = 32, parentContextCount = 0, hitCount = 116, missCount = 2]
2024-12-24T22:10:50.295+01:00 DEBUG 50684 --- [           main] org.springframework.test.context.cache   : Spring test ApplicationContext cache statistics: [DefaultContextCache@1f9f550e size = 2, maxSize = 32, parentContextCount = 0, hitCount = 117, missCount = 2]
2024-12-24T22:10:50.295+01:00 DEBUG 50684 --- [           main] org.springframework.test.context.cache   : Spring test ApplicationContext cache statistics: [DefaultContextCache@1f9f550e size = 2, maxSize = 32, parentContextCount = 0, hitCount = 118, missCount = 2]
2024-12-24T22:10:50.296+01:00 DEBUG 50684 --- [           main] org.springframework.test.context.cache   : Spring test ApplicationContext cache statistics: [DefaultContextCache@1f9f550e size = 2, maxSize = 32, parentContextCount = 0, hitCount = 119, missCount = 2]
2024-12-24T22:10:50.298+01:00 DEBUG 50684 --- [           main] .c.s.DirtiesContextTestExecutionListener : After test method: class [AmbulanceControllerTest], method [updateAmbulance_WhenNotExists_ShouldReturnNotFound], class annotated with @DirtiesContext [false] with mode [null], method annotated with @DirtiesContext [false] with mode [null]
]]></system-out>
  </testcase>
  <testcase name="getAmbulanceById_WhenExists_ShouldReturnAmbulance" classname="mine.ambulance_service.controller.AmbulanceControllerTest" time="0.016">
    <system-out><![CDATA[2024-12-24T22:10:50.300+01:00 DEBUG 50684 --- [           main] org.springframework.test.context.cache   : Spring test ApplicationContext cache statistics: [DefaultContextCache@1f9f550e size = 2, maxSize = 32, parentContextCount = 0, hitCount = 120, missCount = 2]
2024-12-24T22:10:50.301+01:00 DEBUG 50684 --- [           main] DependencyInjectionTestExecutionListener : Performing dependency injection for test class mine.ambulance_service.controller.AmbulanceControllerTest
2024-12-24T22:10:50.302+01:00 DEBUG 50684 --- [           main] org.springframework.test.context.cache   : Spring test ApplicationContext cache statistics: [DefaultContextCache@1f9f550e size = 2, maxSize = 32, parentContextCount = 0, hitCount = 121, missCount = 2]
2024-12-24T22:10:50.302+01:00 DEBUG 50684 --- [           main] org.springframework.test.context.cache   : Spring test ApplicationContext cache statistics: [DefaultContextCache@1f9f550e size = 2, maxSize = 32, parentContextCount = 0, hitCount = 122, missCount = 2]
2024-12-24T22:10:50.304+01:00 DEBUG 50684 --- [           main] sContextBeforeModesTestExecutionListener : Before test method: class [AmbulanceControllerTest], method [getAmbulanceById_WhenExists_ShouldReturnAmbulance], class annotated with @DirtiesContext [false] with mode [null], method annotated with @DirtiesContext [false] with mode [null]
2024-12-24T22:10:50.304+01:00 DEBUG 50684 --- [           main] org.springframework.test.context.cache   : Spring test ApplicationContext cache statistics: [DefaultContextCache@1f9f550e size = 2, maxSize = 32, parentContextCount = 0, hitCount = 123, missCount = 2]
2024-12-24T22:10:50.304+01:00 DEBUG 50684 --- [           main] org.springframework.test.context.cache   : Spring test ApplicationContext cache statistics: [DefaultContextCache@1f9f550e size = 2, maxSize = 32, parentContextCount = 0, hitCount = 124, missCount = 2]
2024-12-24T22:10:50.305+01:00 DEBUG 50684 --- [           main] org.springframework.test.context.cache   : Spring test ApplicationContext cache statistics: [DefaultContextCache@1f9f550e size = 2, maxSize = 32, parentContextCount = 0, hitCount = 125, missCount = 2]
2024-12-24T22:10:50.307+01:00 DEBUG 50684 --- [           main] o.s.t.web.servlet.TestDispatcherServlet  : GET "/api/ambulances/1", parameters={}
2024-12-24T22:10:50.307+01:00 DEBUG 50684 --- [           main] s.w.s.m.m.a.RequestMappingHandlerMapping : Mapped to mine.ambulance_service.controller.AmbulanceController#getAmbulanceById(Long)
2024-12-24T22:10:50.310+01:00 DEBUG 50684 --- [           main] o.s.w.s.m.m.a.HttpEntityMethodProcessor  : Using 'application/json', given [*/*] and supported [application/json, application/*+json]
2024-12-24T22:10:50.310+01:00 DEBUG 50684 --- [           main] o.s.w.s.m.m.a.HttpEntityMethodProcessor  : Writing [Ambulance(id=1, driverName=John Doe, available=true, latitude=40.7128, longitude=-74.006)]
2024-12-24T22:10:50.310+01:00 DEBUG 50684 --- [           main] o.s.t.web.servlet.TestDispatcherServlet  : Completed 200 OK
2024-12-24T22:10:50.315+01:00 DEBUG 50684 --- [           main] org.springframework.test.context.cache   : Spring test ApplicationContext cache statistics: [DefaultContextCache@1f9f550e size = 2, maxSize = 32, parentContextCount = 0, hitCount = 126, missCount = 2]
2024-12-24T22:10:50.316+01:00 DEBUG 50684 --- [           main] org.springframework.test.context.cache   : Spring test ApplicationContext cache statistics: [DefaultContextCache@1f9f550e size = 2, maxSize = 32, parentContextCount = 0, hitCount = 127, missCount = 2]
2024-12-24T22:10:50.317+01:00 DEBUG 50684 --- [           main] org.springframework.test.context.cache   : Spring test ApplicationContext cache statistics: [DefaultContextCache@1f9f550e size = 2, maxSize = 32, parentContextCount = 0, hitCount = 128, missCount = 2]
2024-12-24T22:10:50.317+01:00 DEBUG 50684 --- [           main] org.springframework.test.context.cache   : Spring test ApplicationContext cache statistics: [DefaultContextCache@1f9f550e size = 2, maxSize = 32, parentContextCount = 0, hitCount = 129, missCount = 2]
2024-12-24T22:10:50.318+01:00 DEBUG 50684 --- [           main] org.springframework.test.context.cache   : Spring test ApplicationContext cache statistics: [DefaultContextCache@1f9f550e size = 2, maxSize = 32, parentContextCount = 0, hitCount = 130, missCount = 2]
2024-12-24T22:10:50.319+01:00 DEBUG 50684 --- [           main] org.springframework.test.context.cache   : Spring test ApplicationContext cache statistics: [DefaultContextCache@1f9f550e size = 2, maxSize = 32, parentContextCount = 0, hitCount = 131, missCount = 2]
2024-12-24T22:10:50.319+01:00 DEBUG 50684 --- [           main] .c.s.DirtiesContextTestExecutionListener : After test method: class [AmbulanceControllerTest], method [getAmbulanceById_WhenExists_ShouldReturnAmbulance], class annotated with @DirtiesContext [false] with mode [null], method annotated with @DirtiesContext [false] with mode [null]
]]></system-out>
  </testcase>
  <testcase name="getAllAmbulances_ShouldReturnListOfAmbulances" classname="mine.ambulance_service.controller.AmbulanceControllerTest" time="0.019">
    <system-out><![CDATA[2024-12-24T22:10:50.321+01:00 DEBUG 50684 --- [           main] org.springframework.test.context.cache   : Spring test ApplicationContext cache statistics: [DefaultContextCache@1f9f550e size = 2, maxSize = 32, parentContextCount = 0, hitCount = 132, missCount = 2]
2024-12-24T22:10:50.321+01:00 DEBUG 50684 --- [           main] DependencyInjectionTestExecutionListener : Performing dependency injection for test class mine.ambulance_service.controller.AmbulanceControllerTest
2024-12-24T22:10:50.321+01:00 DEBUG 50684 --- [           main] org.springframework.test.context.cache   : Spring test ApplicationContext cache statistics: [DefaultContextCache@1f9f550e size = 2, maxSize = 32, parentContextCount = 0, hitCount = 133, missCount = 2]
2024-12-24T22:10:50.322+01:00 DEBUG 50684 --- [           main] org.springframework.test.context.cache   : Spring test ApplicationContext cache statistics: [DefaultContextCache@1f9f550e size = 2, maxSize = 32, parentContextCount = 0, hitCount = 134, missCount = 2]
2024-12-24T22:10:50.323+01:00 DEBUG 50684 --- [           main] sContextBeforeModesTestExecutionListener : Before test method: class [AmbulanceControllerTest], method [getAllAmbulances_ShouldReturnListOfAmbulances], class annotated with @DirtiesContext [false] with mode [null], method annotated with @DirtiesContext [false] with mode [null]
2024-12-24T22:10:50.323+01:00 DEBUG 50684 --- [           main] org.springframework.test.context.cache   : Spring test ApplicationContext cache statistics: [DefaultContextCache@1f9f550e size = 2, maxSize = 32, parentContextCount = 0, hitCount = 135, missCount = 2]
2024-12-24T22:10:50.323+01:00 DEBUG 50684 --- [           main] org.springframework.test.context.cache   : Spring test ApplicationContext cache statistics: [DefaultContextCache@1f9f550e size = 2, maxSize = 32, parentContextCount = 0, hitCount = 136, missCount = 2]
2024-12-24T22:10:50.325+01:00 DEBUG 50684 --- [           main] org.springframework.test.context.cache   : Spring test ApplicationContext cache statistics: [DefaultContextCache@1f9f550e size = 2, maxSize = 32, parentContextCount = 0, hitCount = 137, missCount = 2]
2024-12-24T22:10:50.327+01:00 DEBUG 50684 --- [           main] o.s.t.web.servlet.TestDispatcherServlet  : GET "/api/ambulances", parameters={}
2024-12-24T22:10:50.327+01:00 DEBUG 50684 --- [           main] s.w.s.m.m.a.RequestMappingHandlerMapping : Mapped to mine.ambulance_service.controller.AmbulanceController#getAllAmbulances()
2024-12-24T22:10:50.333+01:00 DEBUG 50684 --- [           main] m.m.a.RequestResponseBodyMethodProcessor : Using 'application/json', given [*/*] and supported [application/json, application/*+json]
2024-12-24T22:10:50.333+01:00 DEBUG 50684 --- [           main] m.m.a.RequestResponseBodyMethodProcessor : Writing [[Ambulance(id=1, driverName=John Doe, available=true, latitude=40.7128, longitude=-74.006)]]
2024-12-24T22:10:50.336+01:00 DEBUG 50684 --- [           main] o.s.t.web.servlet.TestDispatcherServlet  : Completed 200 OK
2024-12-24T22:10:50.339+01:00 DEBUG 50684 --- [           main] org.springframework.test.context.cache   : Spring test ApplicationContext cache statistics: [DefaultContextCache@1f9f550e size = 2, maxSize = 32, parentContextCount = 0, hitCount = 138, missCount = 2]
2024-12-24T22:10:50.339+01:00 DEBUG 50684 --- [           main] org.springframework.test.context.cache   : Spring test ApplicationContext cache statistics: [DefaultContextCache@1f9f550e size = 2, maxSize = 32, parentContextCount = 0, hitCount = 139, missCount = 2]
2024-12-24T22:10:50.339+01:00 DEBUG 50684 --- [           main] org.springframework.test.context.cache   : Spring test ApplicationContext cache statistics: [DefaultContextCache@1f9f550e size = 2, maxSize = 32, parentContextCount = 0, hitCount = 140, missCount = 2]
2024-12-24T22:10:50.340+01:00 DEBUG 50684 --- [           main] org.springframework.test.context.cache   : Spring test ApplicationContext cache statistics: [DefaultContextCache@1f9f550e size = 2, maxSize = 32, parentContextCount = 0, hitCount = 141, missCount = 2]
2024-12-24T22:10:50.340+01:00 DEBUG 50684 --- [           main] org.springframework.test.context.cache   : Spring test ApplicationContext cache statistics: [DefaultContextCache@1f9f550e size = 2, maxSize = 32, parentContextCount = 0, hitCount = 142, missCount = 2]
2024-12-24T22:10:50.341+01:00 DEBUG 50684 --- [           main] org.springframework.test.context.cache   : Spring test ApplicationContext cache statistics: [DefaultContextCache@1f9f550e size = 2, maxSize = 32, parentContextCount = 0, hitCount = 143, missCount = 2]
2024-12-24T22:10:50.341+01:00 DEBUG 50684 --- [           main] .c.s.DirtiesContextTestExecutionListener : After test method: class [AmbulanceControllerTest], method [getAllAmbulances_ShouldReturnListOfAmbulances], class annotated with @DirtiesContext [false] with mode [null], method annotated with @DirtiesContext [false] with mode [null]
]]></system-out>
  </testcase>
  <testcase name="updateAmbulanceAvailability_WhenNotExists_ShouldReturnNotFound" classname="mine.ambulance_service.controller.AmbulanceControllerTest" time="0.01">
    <system-out><![CDATA[2024-12-24T22:10:50.342+01:00 DEBUG 50684 --- [           main] org.springframework.test.context.cache   : Spring test ApplicationContext cache statistics: [DefaultContextCache@1f9f550e size = 2, maxSize = 32, parentContextCount = 0, hitCount = 144, missCount = 2]
2024-12-24T22:10:50.343+01:00 DEBUG 50684 --- [           main] DependencyInjectionTestExecutionListener : Performing dependency injection for test class mine.ambulance_service.controller.AmbulanceControllerTest
2024-12-24T22:10:50.343+01:00 DEBUG 50684 --- [           main] org.springframework.test.context.cache   : Spring test ApplicationContext cache statistics: [DefaultContextCache@1f9f550e size = 2, maxSize = 32, parentContextCount = 0, hitCount = 145, missCount = 2]
2024-12-24T22:10:50.344+01:00 DEBUG 50684 --- [           main] org.springframework.test.context.cache   : Spring test ApplicationContext cache statistics: [DefaultContextCache@1f9f550e size = 2, maxSize = 32, parentContextCount = 0, hitCount = 146, missCount = 2]
2024-12-24T22:10:50.345+01:00 DEBUG 50684 --- [           main] sContextBeforeModesTestExecutionListener : Before test method: class [AmbulanceControllerTest], method [updateAmbulanceAvailability_WhenNotExists_ShouldReturnNotFound], class annotated with @DirtiesContext [false] with mode [null], method annotated with @DirtiesContext [false] with mode [null]
2024-12-24T22:10:50.346+01:00 DEBUG 50684 --- [           main] org.springframework.test.context.cache   : Spring test ApplicationContext cache statistics: [DefaultContextCache@1f9f550e size = 2, maxSize = 32, parentContextCount = 0, hitCount = 147, missCount = 2]
2024-12-24T22:10:50.346+01:00 DEBUG 50684 --- [           main] org.springframework.test.context.cache   : Spring test ApplicationContext cache statistics: [DefaultContextCache@1f9f550e size = 2, maxSize = 32, parentContextCount = 0, hitCount = 148, missCount = 2]
2024-12-24T22:10:50.347+01:00 DEBUG 50684 --- [           main] org.springframework.test.context.cache   : Spring test ApplicationContext cache statistics: [DefaultContextCache@1f9f550e size = 2, maxSize = 32, parentContextCount = 0, hitCount = 149, missCount = 2]
2024-12-24T22:10:50.349+01:00 DEBUG 50684 --- [           main] o.s.t.web.servlet.TestDispatcherServlet  : PATCH "/api/ambulances/1/availability", parameters={}
2024-12-24T22:10:50.350+01:00 DEBUG 50684 --- [           main] s.w.s.m.m.a.RequestMappingHandlerMapping : Mapped to mine.ambulance_service.controller.AmbulanceController#updateAmbulanceAvailability(Long, Ambulance)
2024-12-24T22:10:50.351+01:00 DEBUG 50684 --- [           main] m.m.a.RequestResponseBodyMethodProcessor : Read "application/json;charset=UTF-8" to [Ambulance(id=null, driverName=null, available=false, latitude=null, longitude=null)]
2024-12-24T22:10:50.352+01:00 DEBUG 50684 --- [           main] o.s.w.s.m.m.a.HttpEntityMethodProcessor  : Using 'application/json', given [*/*] and supported [application/json, application/*+json]
2024-12-24T22:10:50.352+01:00 DEBUG 50684 --- [           main] o.s.w.s.m.m.a.HttpEntityMethodProcessor  : Nothing to write: null body
2024-12-24T22:10:50.352+01:00 DEBUG 50684 --- [           main] o.s.t.web.servlet.TestDispatcherServlet  : Completed 404 NOT_FOUND
2024-12-24T22:10:50.353+01:00 DEBUG 50684 --- [           main] org.springframework.test.context.cache   : Spring test ApplicationContext cache statistics: [DefaultContextCache@1f9f550e size = 2, maxSize = 32, parentContextCount = 0, hitCount = 150, missCount = 2]
2024-12-24T22:10:50.353+01:00 DEBUG 50684 --- [           main] org.springframework.test.context.cache   : Spring test ApplicationContext cache statistics: [DefaultContextCache@1f9f550e size = 2, maxSize = 32, parentContextCount = 0, hitCount = 151, missCount = 2]
2024-12-24T22:10:50.353+01:00 DEBUG 50684 --- [           main] org.springframework.test.context.cache   : Spring test ApplicationContext cache statistics: [DefaultContextCache@1f9f550e size = 2, maxSize = 32, parentContextCount = 0, hitCount = 152, missCount = 2]
2024-12-24T22:10:50.353+01:00 DEBUG 50684 --- [           main] org.springframework.test.context.cache   : Spring test ApplicationContext cache statistics: [DefaultContextCache@1f9f550e size = 2, maxSize = 32, parentContextCount = 0, hitCount = 153, missCount = 2]
2024-12-24T22:10:50.354+01:00 DEBUG 50684 --- [           main] org.springframework.test.context.cache   : Spring test ApplicationContext cache statistics: [DefaultContextCache@1f9f550e size = 2, maxSize = 32, parentContextCount = 0, hitCount = 154, missCount = 2]
2024-12-24T22:10:50.355+01:00 DEBUG 50684 --- [           main] org.springframework.test.context.cache   : Spring test ApplicationContext cache statistics: [DefaultContextCache@1f9f550e size = 2, maxSize = 32, parentContextCount = 0, hitCount = 155, missCount = 2]
2024-12-24T22:10:50.355+01:00 DEBUG 50684 --- [           main] .c.s.DirtiesContextTestExecutionListener : After test method: class [AmbulanceControllerTest], method [updateAmbulanceAvailability_WhenNotExists_ShouldReturnNotFound], class annotated with @DirtiesContext [false] with mode [null], method annotated with @DirtiesContext [false] with mode [null]
]]></system-out>
  </testcase>
</testsuite>